Log file open, 05/09/17 12:56:06
LogInit:Display: Running engine for game: A001
LogPlatformFile: Not using cached read wrapper
LogInit:Display: RandInit(-595254252) SRandInit(-595254252).
LogTaskGraph: Started task graph with 5 named threads and 6 total threads with 1 sets of task threads.
LogStats: Stats thread started at 0.077923
LogInit: Using libcurl 7.47.1
LogInit:  - built for x86_64-pc-win32
LogInit:  - supports SSL with OpenSSL/1.0.2g
LogInit:  - supports HTTP deflate (compression) using libz 1.2.8
LogInit:  - other features:
LogInit:      CURL_VERSION_SSL
LogInit:      CURL_VERSION_LIBZ
LogInit:      CURL_VERSION_IPV6
LogInit:      CURL_VERSION_ASYNCHDNS
LogInit:      CURL_VERSION_LARGEFILE
LogInit:      CURL_VERSION_IDN
LogInit:  CurlRequestOptions (configurable via config and command line):
LogInit:  - bVerifyPeer = false  - Libcurl will NOT verify peer certificate
LogInit:  - bUseHttpProxy = false  - Libcurl will NOT use HTTP proxy
LogInit:  - bDontReuseConnections = false  - Libcurl will reuse connections
LogInit:  - CertBundlePath = nullptr  - Libcurl will use whatever was configured at build time.
LogInit: Build: ++UE4+Release-4.15-CL-3416026
LogInit: Engine Version: 4.15.2-3416026+++UE4+Release-4.15
LogInit: Compatible Engine Version: 4.15.0-3299760+++UE4+Release-4.15
LogInit: Net CL: 3299760
LogDevObjectVersion: Number of dev versions registered: 14
LogDevObjectVersion:   Dev-Blueprints (B0D832E4-1F89-4F0D-ACCF-7EB736FD4AA2): 8
LogDevObjectVersion:   Dev-Build (E1C64328-A22C-4D53-A36C-8E866417BD8C): 0
LogDevObjectVersion:   Dev-Core (375EC13C-06E4-48FB-B500-84F0262A717E): 2
LogDevObjectVersion:   Dev-Editor (E4B068ED-F494-42E9-A231-DA0B2E46BB41): 14
LogDevObjectVersion:   Dev-Framework (CFFC743F-43B0-4480-9391-14DF171D2073): 22
LogDevObjectVersion:   Dev-Mobile (B02B49B5-BB20-44E9-A304-32B752E40360): 0
LogDevObjectVersion:   Dev-Networking (A4E4105C-59A1-49B5-A7C5-40C4547EDFEE): 0
LogDevObjectVersion:   Dev-Online (39C831C9-5AE6-47DC-9A44-9C173E1C8E7C): 0
LogDevObjectVersion:   Dev-Physics (78F01B33-EBEA-4F98-B9B4-84EACCB95AA2): 0
LogDevObjectVersion:   Dev-Platform (6631380F-2D4D-43E0-8009-CF276956A95A): 0
LogDevObjectVersion:   Dev-Rendering (12F88B9F-8875-4AFC-A67C-D90C383ABD29): 12
LogDevObjectVersion:   Dev-Sequencer (7B5AE74C-D270-4C10-A958-57980B212A5A): 3
LogDevObjectVersion:   Dev-VR (D7296918-1DD6-4BDD-9DE2-64A83CC13884): 0
LogDevObjectVersion:   Dev-LoadTimes (C2A15278-BFE7-4AFE-6C17-90FF531DF755): 1
LogInit: Compiled (64-bit): May  1 2017 13:11:28
LogInit: Compiled with Visual C++: 19.00.23026.00
LogInit: Build Configuration: Development
LogInit: Branch Name: ++UE4+Release-4.15
LogInit: Command line: -EpicPortal 
LogInit: Base directory: E:/software/UE_4.15/Engine/Binaries/Win64/
LogInit: Installed Engine Build: 1
LogInit: Presizing for max 8388607 objects, including 0 objects not considered by GC, pre-allocating 0 bytes for permanent pool.
LogInit: Object subsystem initialized
[2017.05.09-04.56.08:423][  0]LogInit: Selected Device Profile: [Windows]
[2017.05.09-04.56.08:423][  0]LogInit: Applying CVar settings loaded from the selected device profile: [Windows]
[2017.05.09-04.56.08:434][  0]LogInit: Computer: DESKTOP-HD4S429
[2017.05.09-04.56.08:434][  0]LogInit: User: admin
[2017.05.09-04.56.08:434][  0]LogInit: CPU Page size=65536, Cores=2
[2017.05.09-04.56.08:434][  0]LogInit: High frequency timer resolution =1.948614 MHz
[2017.05.09-04.56.08:434][  0]LogMemory: Memory total: Physical=11.7GB (12GB approx)
[2017.05.09-04.56.08:434][  0]LogMemory: Platform Memory Stats for Windows
[2017.05.09-04.56.08:434][  0]LogMemory: Process Physical Memory: 262.82 MB used, 262.82 MB peak
[2017.05.09-04.56.08:434][  0]LogMemory: Process Virtual Memory: 262.44 MB used, 262.44 MB peak
[2017.05.09-04.56.08:434][  0]LogMemory: Physical Memory: 6064.37 MB used,  5957.82 MB free, 12022.18 MB total
[2017.05.09-04.56.08:434][  0]LogMemory: Virtual Memory: 642.95 MB used,  5957.82 MB free, 134217728.00 MB total
[2017.05.09-04.56.08:535][  0]LogInit: Overriding culture en with editor configuration.
[2017.05.09-04.56.09:768][  0]LogD3D11RHI: D3D11 adapters:
[2017.05.09-04.56.10:119][  0]LogD3D11RHI:    0. 'AMD Radeon R5 M240' (Feature Level 11_0)
[2017.05.09-04.56.10:119][  0]LogD3D11RHI:       2036/0/6011 MB DedicatedVideo/DedicatedSystem/SharedSystem, Outputs:1, VendorId:0x1002
[2017.05.09-04.56.10:129][  0]LogD3D11RHI:    1. 'Intel(R) HD Graphics 5500' (Feature Level 11_0)
[2017.05.09-04.56.10:129][  0]LogD3D11RHI:       128/0/6011 MB DedicatedVideo/DedicatedSystem/SharedSystem, Outputs:0, VendorId:0x8086
[2017.05.09-04.56.10:132][  0]LogD3D11RHI:    2. 'Microsoft Basic Render Driver' (Feature Level 11_0)
[2017.05.09-04.56.10:132][  0]LogD3D11RHI:       0/0/6011 MB DedicatedVideo/DedicatedSystem/SharedSystem, Outputs:0, VendorId:0x1414
[2017.05.09-04.56.10:132][  0]LogD3D11RHI: Chosen D3D11 Adapter: 0
[2017.05.09-04.56.10:142][  0]LogD3D11RHI: Creating new Direct3DDevice
[2017.05.09-04.56.10:142][  0]LogD3D11RHI:     GPU DeviceId: 0x6664 (for the marketing name, search the web for "GPU Device Id")
[2017.05.09-04.56.10:142][  0]LogWindows: EnumDisplayDevices:
[2017.05.09-04.56.10:143][  0]LogWindows:    0. 'Intel(R) HD Graphics 5500' (P:1 D:1)
[2017.05.09-04.56.10:143][  0]LogWindows:    1. 'Intel(R) HD Graphics 5500' (P:0 D:0)
[2017.05.09-04.56.10:144][  0]LogWindows:    2. 'Intel(R) HD Graphics 5500' (P:0 D:0)
[2017.05.09-04.56.10:145][  0]LogWindows: DebugString: PrimaryIsNotTheChoosenAdapter PrimaryIsNotTheChoosenAdapter PrimaryIsNotTheChoosenAdapter FoundDriverCount:0 
[2017.05.09-04.56.10:145][  0]LogD3D11RHI:     Adapter Name: AMD Radeon R5 M240
[2017.05.09-04.56.10:145][  0]LogD3D11RHI:   Driver Version: Unknown (internal:Unknown, unified:Unknown)
[2017.05.09-04.56.10:145][  0]LogD3D11RHI:      Driver Date: Unknown
[2017.05.09-04.56.10:145][  0]LogRHI: Texture pool is 1361 MB (70% of 1945 MB)
[2017.05.09-04.56.10:546][  0]LogD3D11RHI: Async texture creation enabled
[2017.05.09-04.56.10:568][  0]LogD3D11RHI: GPU Timing Frequency: 27.000000 (Debug: 2 1)
[2017.05.09-04.56.10:569][  0]LogShaderCompilers: Guid format shader working directory is 31 characters bigger than the processId version (F:/git/ue4/A001/Intermediate/Shaders/WorkingDirectory/4460/).
[2017.05.09-04.56.10:570][  0]LogShaderCompilers: Cleaned the shader compiler working directory 'C:/Users/admin/AppData/Local/Temp/UnrealShaderWorkingDir/8E7997E8482B6A999195D89441E4D8C0/'.
[2017.05.09-04.56.10:570][  0]LogShaderCompilers:Display: Using Local Shader Compiler.
[2017.05.09-04.56.12:555][  0]LogTemp:Display: Loaded TP AllDesktopTargetPlatform
[2017.05.09-04.56.12:636][  0]LogTemp:Display: Loaded TP MacClientTargetPlatform
[2017.05.09-04.56.12:715][  0]LogTemp:Display: Loaded TP MacNoEditorTargetPlatform
[2017.05.09-04.56.12:795][  0]LogTemp:Display: Loaded TP MacServerTargetPlatform
[2017.05.09-04.56.12:875][  0]LogTemp:Display: Loaded TP MacTargetPlatform
[2017.05.09-04.56.12:958][  0]LogTemp:Display: Loaded TP WindowsClientTargetPlatform
[2017.05.09-04.56.13:046][  0]LogTemp:Display: Loaded TP WindowsNoEditorTargetPlatform
[2017.05.09-04.56.13:130][  0]LogTemp:Display: Loaded TP WindowsServerTargetPlatform
[2017.05.09-04.56.13:195][  0]LogTemp:Display: Loaded TP WindowsTargetPlatform
[2017.05.09-04.56.13:279][  0]LogTemp:Display: Loaded TP AndroidTargetPlatform
[2017.05.09-04.56.13:360][  0]LogTemp:Display: Loaded TP Android_ASTCTargetPlatform
[2017.05.09-04.56.13:447][  0]LogTemp:Display: Loaded TP Android_ATCTargetPlatform
[2017.05.09-04.56.13:534][  0]LogTemp:Display: Loaded TP Android_DXTTargetPlatform
[2017.05.09-04.56.13:627][  0]LogTemp:Display: Loaded TP Android_ETC1TargetPlatform
[2017.05.09-04.56.13:716][  0]LogTemp:Display: Loaded TP Android_ETC2TargetPlatform
[2017.05.09-04.56.13:889][  0]LogTemp:Display: Loaded TP Android_MultiTargetPlatform
[2017.05.09-04.56.13:889][  0]LogTemp:Display: Loaded TP Android_PVRTCTargetPlatform
[2017.05.09-04.56.13:945][  0]LogTemp:Display: Loaded TP HTML5TargetPlatform
[2017.05.09-04.56.14:074][  0]LogTemp:Display: Loaded TP IOSTargetPlatform
[2017.05.09-04.56.14:133][  0]LogTemp:Display: Loaded TP TVOSTargetPlatform
[2017.05.09-04.56.14:225][  0]LogTemp:Display: Loaded TP LinuxClientTargetPlatform
[2017.05.09-04.56.14:311][  0]LogTemp:Display: Loaded TP LinuxNoEditorTargetPlatform
[2017.05.09-04.56.14:390][  0]LogTemp:Display: Loaded TP LinuxServerTargetPlatform
[2017.05.09-04.56.14:480][  0]LogTemp:Display: Loaded TP LinuxTargetPlatform
[2017.05.09-04.56.14:480][  0]LogTargetPlatformManager:Display: Building Assets For Windows
[2017.05.09-04.56.15:099][  0]LogDerivedDataCache:Display: Max Cache Size: 512 MB
[2017.05.09-04.56.15:187][  0]LogDerivedDataCache: Loaded boot cache 0.09s 50MB C:/Users/admin/AppData/Local/UnrealEngine/4.15/DerivedDataCache/Boot.ddc.
[2017.05.09-04.56.15:187][  0]LogDerivedDataCache:Display: Loaded Boot cache: C:/Users/admin/AppData/Local/UnrealEngine/4.15/DerivedDataCache/Boot.ddc
[2017.05.09-04.56.15:187][  0]LogDerivedDataCache: FDerivedDataBackendGraph:  Pak pak cache file F:/git/ue4/A001/DerivedDataCache/DDC.ddp not found, will not use a pak cache.
[2017.05.09-04.56.15:187][  0]LogDerivedDataCache: Unable to find inner node Pak for hierarchical cache Hierarchy.
[2017.05.09-04.56.15:187][  0]LogDerivedDataCache: FDerivedDataBackendGraph:  CompressedPak pak cache file F:/git/ue4/A001/DerivedDataCache/Compressed.ddp not found, will not use a pak cache.
[2017.05.09-04.56.15:187][  0]LogDerivedDataCache: Unable to find inner node CompressedPak for hierarchical cache Hierarchy.
[2017.05.09-04.56.15:220][  0]LogDerivedDataCache:Display: Pak cache opened for reading ../../../Engine/DerivedDataCache/Compressed.ddp.
[2017.05.09-04.56.15:235][  0]LogDerivedDataCache: Using Local data cache path C:/Users/admin/AppData/Local/UnrealEngine/Common/DerivedDataCache: Writable
[2017.05.09-04.56.15:253][  0]LogSlate: Using Freetype 2.6.0
[2017.05.09-04.56.15:254][  0]LogSlate: SlateFontCache - WITH_FREETYPE: 1, WITH_HARFBUZZ: 1
[2017.05.09-04.56.15:254][  0]LogSlate: SlateFontCache - WITH_FREETYPE: 1, WITH_HARFBUZZ: 1
[2017.05.09-04.56.15:866][  0]LogInit: Selected Device Profile: [Windows]
[2017.05.09-04.56.15:875][  0]LogContentStreaming: Texture pool size is 0.00 MB
[2017.05.09-04.56.16:217][  0]LogMeshUtilities: Using QuadricMeshReduction for automatic static mesh reduction
[2017.05.09-04.56.16:283][  0]LogSimplygon: Simplygon DLL not present - disabling.
[2017.05.09-04.56.16:359][  0]LogMeshUtilities: Using SimplygonSwarm for distributed automatic mesh merging
[2017.05.09-04.56.16:359][  0]LogMeshUtilities: No automatic skeletal mesh reduction module available
[2017.05.09-04.56.16:359][  0]LogMeshUtilities: No automatic mesh merging module available
[2017.05.09-04.56.17:307][  0]LogNetVersion: GetLocalNetworkVersion: CL: 3299760, ProjectName: a001, ProjectVersion: , EngineNetworkVersion: 2, GameNetworkVersion: 0, NetworkChecksum: 1613446066
[2017.05.09-04.56.17:358][  0]LogAssetRegistry: FAssetRegistry took 0.0216 seconds to start up
[2017.05.09-04.56.17:427][  0]LogPackageLocalizationCache: Processed 3 localized package path(s) for 1 prioritized culture(s) in 0.030112 seconds
[2017.05.09-04.56.17:435][  0]LogUObjectArray: 32493 objects as part of root set at end of initial load.
[2017.05.09-04.56.17:435][  0]LogUObjectAllocator: 7077032 out of 0 bytes used by permanent object pool.
[2017.05.09-04.56.17:435][  0]LogUObjectArray: CloseDisregardForGC: 0/0 objects in disregard for GC pool
[2017.05.09-04.56.17:530][  0]LogInit: WinSock: version 1.1 (2.2), MaxSocks=32767, MaxUdp=65467
[2017.05.09-04.56.20:424][  0]LogTcpMessaging: Initializing TcpMessaging bridge
[2017.05.09-04.56.20:516][  0]LogUdpMessaging: Initializing bridge on interface 0.0.0.0:0 to multicast group 230.0.0.1:6666.
[2017.05.09-04.56.21:179][  0]LogMaterial: Uniform references updated for custom material expression Custom.
[2017.05.09-04.56.21:784][  0]SourceControl: Info Source control is disabled
[2017.05.09-04.56.22:011][  0]SourceControl: Info Source control is disabled
[2017.05.09-04.56.22:077][  0]SourceControl: Info Source control is disabled
[2017.05.09-04.56.22:137][  0]SourceControl: Info Source control is disabled
[2017.05.09-04.56.24:061][  0]LogEngine: Initializing Engine...
[2017.05.09-04.56.24:063][  0]LogHMD: Failed to initialize OpenVR with code 110
[2017.05.09-04.56.24:253][  0]LogStats: UGameplayTagsManager::ConstructGameplayTagTree: Construct from data asset -  0.000 s
[2017.05.09-04.56.24:253][  0]LogStats: UGameplayTagsManager::ConstructGameplayTagTree: GameplayTagTreeChangedEvent.Broadcast -  0.000 s
[2017.05.09-04.56.24:433][  0]LogAIModule: Creating AISystem for world Untitled
[2017.05.09-04.56.24:445][  0]LogInit: XAudio2 using '扬声器 (Conexant SmartAudio HD)' : 2 channels at 44.1 kHz using 32 bits per sample (channel mask 0x3)
[2017.05.09-04.56.24:482][  0]LogInit: FAudioDevice initialized.
[2017.05.09-04.56.24:524][  0]LogDerivedDataCache: Saved boot cache 0.04s 50MB C:/Users/admin/AppData/Local/UnrealEngine/4.15/DerivedDataCache/Boot.ddc.
[2017.05.09-04.56.24:535][  0]LogInit: Texture streaming: Enabled
[2017.05.09-04.56.24:682][  0]LogEngineSessionManager: EngineSessionManager initialized
[2017.05.09-04.56.24:814][  0]LogInit: Transaction tracking system initialized
[2017.05.09-04.56.25:312][  0]BlueprintLog: New page: Editor Load
[2017.05.09-04.56.26:780][  0]LocalizationService: Info Localization service is disabled
[2017.05.09-04.56.27:814][  0]LogConsoleResponse:Display: 
[2017.05.09-04.56.28:033][  0]LogFileCache: Scanning file cache for directory 'F:/git/ue4/A001/Content/' took 0.01s
[2017.05.09-04.56.28:033][  0]LogCook:Display: Max memory allowance for cook 16384mb min free memory 0mb
[2017.05.09-04.56.28:033][  0]LogCook:Display: Mobile HDR setting 1
[2017.05.09-04.56.29:521][  0]SourceControl: Info Source control is disabled
[2017.05.09-04.56.29:524][  0]LogFactory: FactoryCreateFile: PackFactory with PackFactory (0 0 E:/software/UE_4.15/FeaturePacks/StarterContent.upack)
[2017.05.09-04.56.29:533][  0]LogPackFactory: Finished extracting 8 files (including 0 errors).
[2017.05.09-04.56.29:536][  0]LogPackFactory: Copied "../../../Samples/StarterContent/Content/StarterContent/Architecture/Floor_400x400.uasset" to "F:/git/ue4/A001/Content/StarterContent/Architecture/Floor_400x400.uasset"
[2017.05.09-04.56.29:539][  0]LogPackFactory: Copied "../../../Samples/StarterContent/Content/StarterContent/Architecture/Pillar_50x500.uasset" to "F:/git/ue4/A001/Content/StarterContent/Architecture/Pillar_50x500.uasset"
[2017.05.09-04.56.29:545][  0]LogPackFactory: Copied "../../../Samples/StarterContent/Content/StarterContent/Architecture/SM_AssetPlatform.uasset" to "F:/git/ue4/A001/Content/StarterContent/Architecture/SM_AssetPlatform.uasset"
[2017.05.09-04.56.29:547][  0]LogPackFactory: Copied "../../../Samples/StarterContent/Content/StarterContent/Architecture/Wall_400x200.uasset" to "F:/git/ue4/A001/Content/StarterContent/Architecture/Wall_400x200.uasset"
[2017.05.09-04.56.29:549][  0]LogPackFactory: Copied "../../../Samples/StarterContent/Content/StarterContent/Architecture/Wall_400x300.uasset" to "F:/git/ue4/A001/Content/StarterContent/Architecture/Wall_400x300.uasset"
[2017.05.09-04.56.29:552][  0]LogPackFactory: Copied "../../../Samples/StarterContent/Content/StarterContent/Architecture/Wall_400x400.uasset" to "F:/git/ue4/A001/Content/StarterContent/Architecture/Wall_400x400.uasset"
[2017.05.09-04.56.29:554][  0]LogPackFactory: Copied "../../../Samples/StarterContent/Content/StarterContent/Architecture/Wall_500x500.uasset" to "F:/git/ue4/A001/Content/StarterContent/Architecture/Wall_500x500.uasset"
[2017.05.09-04.56.29:556][  0]LogPackFactory: Copied "../../../Samples/StarterContent/Content/StarterContent/Architecture/Wall_Door_400x300.uasset" to "F:/git/ue4/A001/Content/StarterContent/Architecture/Wall_Door_400x300.uasset"
[2017.05.09-04.56.29:559][  0]LogPackFactory: Copied "../../../Samples/StarterContent/Content/StarterContent/Architecture/Wall_Door_400x400.uasset" to "F:/git/ue4/A001/Content/StarterContent/Architecture/Wall_Door_400x400.uasset"
[2017.05.09-04.56.29:562][  0]LogPackFactory: Copied "../../../Samples/StarterContent/Content/StarterContent/Architecture/Wall_Window_400x300.uasset" to "F:/git/ue4/A001/Content/StarterContent/Architecture/Wall_Window_400x300.uasset"
[2017.05.09-04.56.29:564][  0]LogPackFactory: Copied "../../../Samples/StarterContent/Content/StarterContent/Architecture/Wall_Window_400x400.uasset" to "F:/git/ue4/A001/Content/StarterContent/Architecture/Wall_Window_400x400.uasset"
[2017.05.09-04.56.29:567][  0]LogPackFactory: Copied "../../../Samples/StarterContent/Content/StarterContent/Audio/Collapse01.uasset" to "F:/git/ue4/A001/Content/StarterContent/Audio/Collapse01.uasset"
[2017.05.09-04.56.29:569][  0]LogPackFactory: Copied "../../../Samples/StarterContent/Content/StarterContent/Audio/Collapse02.uasset" to "F:/git/ue4/A001/Content/StarterContent/Audio/Collapse02.uasset"
[2017.05.09-04.56.29:575][  0]LogPackFactory: Copied "../../../Samples/StarterContent/Content/StarterContent/Audio/Collapse_Cue.uasset" to "F:/git/ue4/A001/Content/StarterContent/Audio/Collapse_Cue.uasset"
[2017.05.09-04.56.29:577][  0]LogPackFactory: Copied "../../../Samples/StarterContent/Content/StarterContent/Audio/Explosion01.uasset" to "F:/git/ue4/A001/Content/StarterContent/Audio/Explosion01.uasset"
[2017.05.09-04.56.29:580][  0]LogPackFactory: Copied "../../../Samples/StarterContent/Content/StarterContent/Audio/Explosion02.uasset" to "F:/git/ue4/A001/Content/StarterContent/Audio/Explosion02.uasset"
[2017.05.09-04.56.29:582][  0]LogPackFactory: Copied "../../../Samples/StarterContent/Content/StarterContent/Audio/Explosion_Cue.uasset" to "F:/git/ue4/A001/Content/StarterContent/Audio/Explosion_Cue.uasset"
[2017.05.09-04.56.29:585][  0]LogPackFactory: Copied "../../../Samples/StarterContent/Content/StarterContent/Audio/Fire01.uasset" to "F:/git/ue4/A001/Content/StarterContent/Audio/Fire01.uasset"
[2017.05.09-04.56.29:587][  0]LogPackFactory: Copied "../../../Samples/StarterContent/Content/StarterContent/Audio/Fire01_Cue.uasset" to "F:/git/ue4/A001/Content/StarterContent/Audio/Fire01_Cue.uasset"
[2017.05.09-04.56.29:590][  0]LogPackFactory: Copied "../../../Samples/StarterContent/Content/StarterContent/Audio/Fire_Sparks01.uasset" to "F:/git/ue4/A001/Content/StarterContent/Audio/Fire_Sparks01.uasset"
[2017.05.09-04.56.29:592][  0]LogPackFactory: Copied "../../../Samples/StarterContent/Content/StarterContent/Audio/Fire_Sparks01_Cue.uasset" to "F:/git/ue4/A001/Content/StarterContent/Audio/Fire_Sparks01_Cue.uasset"
[2017.05.09-04.56.29:597][  0]LogPackFactory: Copied "../../../Samples/StarterContent/Content/StarterContent/Audio/Light01.uasset" to "F:/git/ue4/A001/Content/StarterContent/Audio/Light01.uasset"
[2017.05.09-04.56.29:599][  0]LogPackFactory: Copied "../../../Samples/StarterContent/Content/StarterContent/Audio/Light01_Cue.uasset" to "F:/git/ue4/A001/Content/StarterContent/Audio/Light01_Cue.uasset"
[2017.05.09-04.56.29:602][  0]LogPackFactory: Copied "../../../Samples/StarterContent/Content/StarterContent/Audio/Light02.uasset" to "F:/git/ue4/A001/Content/StarterContent/Audio/Light02.uasset"
[2017.05.09-04.56.29:604][  0]LogPackFactory: Copied "../../../Samples/StarterContent/Content/StarterContent/Audio/Light02_Cue.uasset" to "F:/git/ue4/A001/Content/StarterContent/Audio/Light02_Cue.uasset"
[2017.05.09-04.56.29:607][  0]LogPackFactory: Copied "../../../Samples/StarterContent/Content/StarterContent/Audio/Smoke01.uasset" to "F:/git/ue4/A001/Content/StarterContent/Audio/Smoke01.uasset"
[2017.05.09-04.56.29:610][  0]LogPackFactory: Copied "../../../Samples/StarterContent/Content/StarterContent/Audio/Smoke01_Cue.uasset" to "F:/git/ue4/A001/Content/StarterContent/Audio/Smoke01_Cue.uasset"
[2017.05.09-04.56.29:612][  0]LogPackFactory: Copied "../../../Samples/StarterContent/Content/StarterContent/Audio/Starter_Background_Cue.uasset" to "F:/git/ue4/A001/Content/StarterContent/Audio/Starter_Background_Cue.uasset"
[2017.05.09-04.56.29:617][  0]LogPackFactory: Copied "../../../Samples/StarterContent/Content/StarterContent/Audio/Starter_Birds01.uasset" to "F:/git/ue4/A001/Content/StarterContent/Audio/Starter_Birds01.uasset"
[2017.05.09-04.56.29:628][  0]LogPackFactory: Copied "../../../Samples/StarterContent/Content/StarterContent/Audio/Starter_Music01.uasset" to "F:/git/ue4/A001/Content/StarterContent/Audio/Starter_Music01.uasset"
[2017.05.09-04.56.29:631][  0]LogPackFactory: Copied "../../../Samples/StarterContent/Content/StarterContent/Audio/Starter_Music_Cue.uasset" to "F:/git/ue4/A001/Content/StarterContent/Audio/Starter_Music_Cue.uasset"
[2017.05.09-04.56.29:636][  0]LogPackFactory: Copied "../../../Samples/StarterContent/Content/StarterContent/Audio/Starter_Wind05.uasset" to "F:/git/ue4/A001/Content/StarterContent/Audio/Starter_Wind05.uasset"
[2017.05.09-04.56.29:641][  0]LogPackFactory: Copied "../../../Samples/StarterContent/Content/StarterContent/Audio/Starter_Wind06.uasset" to "F:/git/ue4/A001/Content/StarterContent/Audio/Starter_Wind06.uasset"
[2017.05.09-04.56.29:645][  0]LogPackFactory: Copied "../../../Samples/StarterContent/Content/StarterContent/Audio/Steam01.uasset" to "F:/git/ue4/A001/Content/StarterContent/Audio/Steam01.uasset"
[2017.05.09-04.56.29:647][  0]LogPackFactory: Copied "../../../Samples/StarterContent/Content/StarterContent/Audio/Steam01_Cue.uasset" to "F:/git/ue4/A001/Content/StarterContent/Audio/Steam01_Cue.uasset"
[2017.05.09-04.56.29:650][  0]LogPackFactory: Copied "../../../Samples/StarterContent/Content/StarterContent/Blueprints/Blueprint_CeilingLight.uasset" to "F:/git/ue4/A001/Content/StarterContent/Blueprints/Blueprint_CeilingLight.uasset"
[2017.05.09-04.56.29:652][  0]LogPackFactory: Copied "../../../Samples/StarterContent/Content/StarterContent/Blueprints/Blueprint_Effect_Explosion.uasset" to "F:/git/ue4/A001/Content/StarterContent/Blueprints/Blueprint_Effect_Explosion.uasset"
[2017.05.09-04.56.29:654][  0]LogPackFactory: Copied "../../../Samples/StarterContent/Content/StarterContent/Blueprints/Blueprint_Effect_Fire.uasset" to "F:/git/ue4/A001/Content/StarterContent/Blueprints/Blueprint_Effect_Fire.uasset"
[2017.05.09-04.56.29:658][  0]LogPackFactory: Copied "../../../Samples/StarterContent/Content/StarterContent/Blueprints/Blueprint_Effect_Smoke.uasset" to "F:/git/ue4/A001/Content/StarterContent/Blueprints/Blueprint_Effect_Smoke.uasset"
[2017.05.09-04.56.29:660][  0]LogPackFactory: Copied "../../../Samples/StarterContent/Content/StarterContent/Blueprints/Blueprint_Effect_Sparks.uasset" to "F:/git/ue4/A001/Content/StarterContent/Blueprints/Blueprint_Effect_Sparks.uasset"
[2017.05.09-04.56.29:662][  0]LogPackFactory: Copied "../../../Samples/StarterContent/Content/StarterContent/Blueprints/Blueprint_Effect_Steam.uasset" to "F:/git/ue4/A001/Content/StarterContent/Blueprints/Blueprint_Effect_Steam.uasset"
[2017.05.09-04.56.29:665][  0]LogPackFactory: Copied "../../../Samples/StarterContent/Content/StarterContent/Blueprints/Blueprint_WallSconce.uasset" to "F:/git/ue4/A001/Content/StarterContent/Blueprints/Blueprint_WallSconce.uasset"
[2017.05.09-04.56.29:668][  0]LogPackFactory: Copied "../../../Samples/StarterContent/Content/StarterContent/Blueprints/BP_LightStudio.uasset" to "F:/git/ue4/A001/Content/StarterContent/Blueprints/BP_LightStudio.uasset"
[2017.05.09-04.56.29:672][  0]LogPackFactory: Copied "../../../Samples/StarterContent/Content/StarterContent/Blueprints/Assets/FogBrightnessLUT.uasset" to "F:/git/ue4/A001/Content/StarterContent/Blueprints/Assets/FogBrightnessLUT.uasset"
[2017.05.09-04.56.29:674][  0]LogPackFactory: Copied "../../../Samples/StarterContent/Content/StarterContent/Blueprints/Assets/M_LightStage_Arrows.uasset" to "F:/git/ue4/A001/Content/StarterContent/Blueprints/Assets/M_LightStage_Arrows.uasset"
[2017.05.09-04.56.29:677][  0]LogPackFactory: Copied "../../../Samples/StarterContent/Content/StarterContent/Blueprints/Assets/M_LightStage_Skybox_Black.uasset" to "F:/git/ue4/A001/Content/StarterContent/Blueprints/Assets/M_LightStage_Skybox_Black.uasset"
[2017.05.09-04.56.29:679][  0]LogPackFactory: Copied "../../../Samples/StarterContent/Content/StarterContent/Blueprints/Assets/M_LightStage_Skybox_HDRI.uasset" to "F:/git/ue4/A001/Content/StarterContent/Blueprints/Assets/M_LightStage_Skybox_HDRI.uasset"
[2017.05.09-04.56.29:682][  0]LogPackFactory: Copied "../../../Samples/StarterContent/Content/StarterContent/Blueprints/Assets/M_LightStage_Skybox_Master.uasset" to "F:/git/ue4/A001/Content/StarterContent/Blueprints/Assets/M_LightStage_Skybox_Master.uasset"
[2017.05.09-04.56.29:685][  0]LogPackFactory: Copied "../../../Samples/StarterContent/Content/StarterContent/Blueprints/Assets/Skybox.uasset" to "F:/git/ue4/A001/Content/StarterContent/Blueprints/Assets/Skybox.uasset"
[2017.05.09-04.56.29:689][  0]LogPackFactory: Copied "../../../Samples/StarterContent/Content/StarterContent/Blueprints/Assets/SM_Arrows.uasset" to "F:/git/ue4/A001/Content/StarterContent/Blueprints/Assets/SM_Arrows.uasset"
[2017.05.09-04.56.29:691][  0]LogPackFactory: Copied "../../../Samples/StarterContent/Content/StarterContent/Blueprints/Assets/SunlightColorLUT.uasset" to "F:/git/ue4/A001/Content/StarterContent/Blueprints/Assets/SunlightColorLUT.uasset"
[2017.05.09-04.56.29:776][  0]LogPackFactory: Copied "../../../Samples/StarterContent/Content/StarterContent/HDRI/HDRI_Epic_Courtyard_Daylight.uasset" to "F:/git/ue4/A001/Content/StarterContent/HDRI/HDRI_Epic_Courtyard_Daylight.uasset"
[2017.05.09-04.56.29:778][  0]LogPackFactory: Copied "../../../Samples/StarterContent/Content/StarterContent/Maps/Advanced_Lighting.umap" to "F:/git/ue4/A001/Content/StarterContent/Maps/Advanced_Lighting.umap"
[2017.05.09-04.56.29:780][  0]LogPackFactory: Copied "../../../Samples/StarterContent/Content/StarterContent/Maps/Advanced_Lighting_BuiltData.uasset" to "F:/git/ue4/A001/Content/StarterContent/Maps/Advanced_Lighting_BuiltData.uasset"
[2017.05.09-04.56.29:784][  0]LogPackFactory: Copied "../../../Samples/StarterContent/Content/StarterContent/Maps/Minimal_Default.umap" to "F:/git/ue4/A001/Content/StarterContent/Maps/Minimal_Default.umap"
[2017.05.09-04.56.29:788][  0]LogPackFactory: Copied "../../../Samples/StarterContent/Content/StarterContent/Maps/Minimal_Default_BuiltData.uasset" to "F:/git/ue4/A001/Content/StarterContent/Maps/Minimal_Default_BuiltData.uasset"
[2017.05.09-04.56.29:801][  0]LogPackFactory: Copied "../../../Samples/StarterContent/Content/StarterContent/Maps/StarterMap.umap" to "F:/git/ue4/A001/Content/StarterContent/Maps/StarterMap.umap"
[2017.05.09-04.56.29:817][  0]LogPackFactory: Copied "../../../Samples/StarterContent/Content/StarterContent/Maps/StarterMap_BuiltData.uasset" to "F:/git/ue4/A001/Content/StarterContent/Maps/StarterMap_BuiltData.uasset"
[2017.05.09-04.56.29:819][  0]LogPackFactory: Copied "../../../Samples/StarterContent/Content/StarterContent/Materials/M_AssetPlatform.uasset" to "F:/git/ue4/A001/Content/StarterContent/Materials/M_AssetPlatform.uasset"
[2017.05.09-04.56.29:823][  0]LogPackFactory: Copied "../../../Samples/StarterContent/Content/StarterContent/Materials/M_Basic_Floor.uasset" to "F:/git/ue4/A001/Content/StarterContent/Materials/M_Basic_Floor.uasset"
[2017.05.09-04.56.29:825][  0]LogPackFactory: Copied "../../../Samples/StarterContent/Content/StarterContent/Materials/M_Basic_Wall.uasset" to "F:/git/ue4/A001/Content/StarterContent/Materials/M_Basic_Wall.uasset"
[2017.05.09-04.56.29:828][  0]LogPackFactory: Copied "../../../Samples/StarterContent/Content/StarterContent/Materials/M_Brick_Clay_Beveled.uasset" to "F:/git/ue4/A001/Content/StarterContent/Materials/M_Brick_Clay_Beveled.uasset"
[2017.05.09-04.56.29:831][  0]LogPackFactory: Copied "../../../Samples/StarterContent/Content/StarterContent/Materials/M_Brick_Clay_New.uasset" to "F:/git/ue4/A001/Content/StarterContent/Materials/M_Brick_Clay_New.uasset"
[2017.05.09-04.56.29:834][  0]LogPackFactory: Copied "../../../Samples/StarterContent/Content/StarterContent/Materials/M_Brick_Clay_Old.uasset" to "F:/git/ue4/A001/Content/StarterContent/Materials/M_Brick_Clay_Old.uasset"
[2017.05.09-04.56.29:837][  0]LogPackFactory: Copied "../../../Samples/StarterContent/Content/StarterContent/Materials/M_Brick_Cut_Stone.uasset" to "F:/git/ue4/A001/Content/StarterContent/Materials/M_Brick_Cut_Stone.uasset"
[2017.05.09-04.56.29:840][  0]LogPackFactory: Copied "../../../Samples/StarterContent/Content/StarterContent/Materials/M_Brick_Hewn_Stone.uasset" to "F:/git/ue4/A001/Content/StarterContent/Materials/M_Brick_Hewn_Stone.uasset"
[2017.05.09-04.56.29:842][  0]LogPackFactory: Copied "../../../Samples/StarterContent/Content/StarterContent/Materials/M_Ceramic_Tile_Checker.uasset" to "F:/git/ue4/A001/Content/StarterContent/Materials/M_Ceramic_Tile_Checker.uasset"
[2017.05.09-04.56.29:845][  0]LogPackFactory: Copied "../../../Samples/StarterContent/Content/StarterContent/Materials/M_CobbleStone_Pebble.uasset" to "F:/git/ue4/A001/Content/StarterContent/Materials/M_CobbleStone_Pebble.uasset"
[2017.05.09-04.56.29:848][  0]LogPackFactory: Copied "../../../Samples/StarterContent/Content/StarterContent/Materials/M_CobbleStone_Rough.uasset" to "F:/git/ue4/A001/Content/StarterContent/Materials/M_CobbleStone_Rough.uasset"
[2017.05.09-04.56.29:850][  0]LogPackFactory: Copied "../../../Samples/StarterContent/Content/StarterContent/Materials/M_CobbleStone_Smooth.uasset" to "F:/git/ue4/A001/Content/StarterContent/Materials/M_CobbleStone_Smooth.uasset"
[2017.05.09-04.56.29:853][  0]LogPackFactory: Copied "../../../Samples/StarterContent/Content/StarterContent/Materials/M_ColorGrid_LowSpec.uasset" to "F:/git/ue4/A001/Content/StarterContent/Materials/M_ColorGrid_LowSpec.uasset"
[2017.05.09-04.56.29:856][  0]LogPackFactory: Copied "../../../Samples/StarterContent/Content/StarterContent/Materials/M_Concrete_Grime.uasset" to "F:/git/ue4/A001/Content/StarterContent/Materials/M_Concrete_Grime.uasset"
[2017.05.09-04.56.29:858][  0]LogPackFactory: Copied "../../../Samples/StarterContent/Content/StarterContent/Materials/M_Concrete_Panels.uasset" to "F:/git/ue4/A001/Content/StarterContent/Materials/M_Concrete_Panels.uasset"
[2017.05.09-04.56.29:861][  0]LogPackFactory: Copied "../../../Samples/StarterContent/Content/StarterContent/Materials/M_Concrete_Poured.uasset" to "F:/git/ue4/A001/Content/StarterContent/Materials/M_Concrete_Poured.uasset"
[2017.05.09-04.56.29:864][  0]LogPackFactory: Copied "../../../Samples/StarterContent/Content/StarterContent/Materials/M_Concrete_Tiles.uasset" to "F:/git/ue4/A001/Content/StarterContent/Materials/M_Concrete_Tiles.uasset"
[2017.05.09-04.56.29:867][  0]LogPackFactory: Copied "../../../Samples/StarterContent/Content/StarterContent/Materials/M_Glass.uasset" to "F:/git/ue4/A001/Content/StarterContent/Materials/M_Glass.uasset"
[2017.05.09-04.56.29:870][  0]LogPackFactory: Copied "../../../Samples/StarterContent/Content/StarterContent/Materials/M_Ground_Grass.uasset" to "F:/git/ue4/A001/Content/StarterContent/Materials/M_Ground_Grass.uasset"
[2017.05.09-04.56.29:874][  0]LogPackFactory: Copied "../../../Samples/StarterContent/Content/StarterContent/Materials/M_Ground_Gravel.uasset" to "F:/git/ue4/A001/Content/StarterContent/Materials/M_Ground_Gravel.uasset"
[2017.05.09-04.56.29:878][  0]LogPackFactory: Copied "../../../Samples/StarterContent/Content/StarterContent/Materials/M_Ground_Moss.uasset" to "F:/git/ue4/A001/Content/StarterContent/Materials/M_Ground_Moss.uasset"
[2017.05.09-04.56.29:880][  0]LogPackFactory: Copied "../../../Samples/StarterContent/Content/StarterContent/Materials/M_Metal_Brushed_Nickel.uasset" to "F:/git/ue4/A001/Content/StarterContent/Materials/M_Metal_Brushed_Nickel.uasset"
[2017.05.09-04.56.29:882][  0]LogPackFactory: Copied "../../../Samples/StarterContent/Content/StarterContent/Materials/M_Metal_Burnished_Steel.uasset" to "F:/git/ue4/A001/Content/StarterContent/Materials/M_Metal_Burnished_Steel.uasset"
[2017.05.09-04.56.29:885][  0]LogPackFactory: Copied "../../../Samples/StarterContent/Content/StarterContent/Materials/M_Metal_Chrome.uasset" to "F:/git/ue4/A001/Content/StarterContent/Materials/M_Metal_Chrome.uasset"
[2017.05.09-04.56.29:888][  0]LogPackFactory: Copied "../../../Samples/StarterContent/Content/StarterContent/Materials/M_Metal_Copper.uasset" to "F:/git/ue4/A001/Content/StarterContent/Materials/M_Metal_Copper.uasset"
[2017.05.09-04.56.29:890][  0]LogPackFactory: Copied "../../../Samples/StarterContent/Content/StarterContent/Materials/M_Metal_Gold.uasset" to "F:/git/ue4/A001/Content/StarterContent/Materials/M_Metal_Gold.uasset"
[2017.05.09-04.56.29:894][  0]LogPackFactory: Copied "../../../Samples/StarterContent/Content/StarterContent/Materials/M_Metal_Rust.uasset" to "F:/git/ue4/A001/Content/StarterContent/Materials/M_Metal_Rust.uasset"
[2017.05.09-04.56.29:897][  0]LogPackFactory: Copied "../../../Samples/StarterContent/Content/StarterContent/Materials/M_Metal_Steel.uasset" to "F:/git/ue4/A001/Content/StarterContent/Materials/M_Metal_Steel.uasset"
[2017.05.09-04.56.29:900][  0]LogPackFactory: Copied "../../../Samples/StarterContent/Content/StarterContent/Materials/M_Rock_Basalt.uasset" to "F:/git/ue4/A001/Content/StarterContent/Materials/M_Rock_Basalt.uasset"
[2017.05.09-04.56.29:903][  0]LogPackFactory: Copied "../../../Samples/StarterContent/Content/StarterContent/Materials/M_Rock_Marble_Polished.uasset" to "F:/git/ue4/A001/Content/StarterContent/Materials/M_Rock_Marble_Polished.uasset"
[2017.05.09-04.56.29:912][  0]LogPackFactory: Copied "../../../Samples/StarterContent/Content/StarterContent/Materials/M_Rock_Sandstone.uasset" to "F:/git/ue4/A001/Content/StarterContent/Materials/M_Rock_Sandstone.uasset"
[2017.05.09-04.56.29:914][  0]LogPackFactory: Copied "../../../Samples/StarterContent/Content/StarterContent/Materials/M_Rock_Slate.uasset" to "F:/git/ue4/A001/Content/StarterContent/Materials/M_Rock_Slate.uasset"
[2017.05.09-04.56.29:916][  0]LogPackFactory: Copied "../../../Samples/StarterContent/Content/StarterContent/Materials/M_Tech_Checker_Dot.uasset" to "F:/git/ue4/A001/Content/StarterContent/Materials/M_Tech_Checker_Dot.uasset"
[2017.05.09-04.56.29:919][  0]LogPackFactory: Copied "../../../Samples/StarterContent/Content/StarterContent/Materials/M_Tech_Hex_Tile.uasset" to "F:/git/ue4/A001/Content/StarterContent/Materials/M_Tech_Hex_Tile.uasset"
[2017.05.09-04.56.29:921][  0]LogPackFactory: Copied "../../../Samples/StarterContent/Content/StarterContent/Materials/M_Tech_Hex_Tile_Pulse.uasset" to "F:/git/ue4/A001/Content/StarterContent/Materials/M_Tech_Hex_Tile_Pulse.uasset"
[2017.05.09-04.56.29:924][  0]LogPackFactory: Copied "../../../Samples/StarterContent/Content/StarterContent/Materials/M_Tech_Panel.uasset" to "F:/git/ue4/A001/Content/StarterContent/Materials/M_Tech_Panel.uasset"
[2017.05.09-04.56.29:926][  0]LogPackFactory: Copied "../../../Samples/StarterContent/Content/StarterContent/Materials/M_Water_Lake.uasset" to "F:/git/ue4/A001/Content/StarterContent/Materials/M_Water_Lake.uasset"
[2017.05.09-04.56.29:929][  0]LogPackFactory: Copied "../../../Samples/StarterContent/Content/StarterContent/Materials/M_Water_Ocean.uasset" to "F:/git/ue4/A001/Content/StarterContent/Materials/M_Water_Ocean.uasset"
[2017.05.09-04.56.29:931][  0]LogPackFactory: Copied "../../../Samples/StarterContent/Content/StarterContent/Materials/M_Wood_Floor_Walnut_Polished.uasset" to "F:/git/ue4/A001/Content/StarterContent/Materials/M_Wood_Floor_Walnut_Polished.uasset"
[2017.05.09-04.56.29:934][  0]LogPackFactory: Copied "../../../Samples/StarterContent/Content/StarterContent/Materials/M_Wood_Floor_Walnut_Worn.uasset" to "F:/git/ue4/A001/Content/StarterContent/Materials/M_Wood_Floor_Walnut_Worn.uasset"
[2017.05.09-04.56.29:936][  0]LogPackFactory: Copied "../../../Samples/StarterContent/Content/StarterContent/Materials/M_Wood_Oak.uasset" to "F:/git/ue4/A001/Content/StarterContent/Materials/M_Wood_Oak.uasset"
[2017.05.09-04.56.29:939][  0]LogPackFactory: Copied "../../../Samples/StarterContent/Content/StarterContent/Materials/M_Wood_Pine.uasset" to "F:/git/ue4/A001/Content/StarterContent/Materials/M_Wood_Pine.uasset"
[2017.05.09-04.56.29:942][  0]LogPackFactory: Copied "../../../Samples/StarterContent/Content/StarterContent/Materials/M_Wood_Walnut.uasset" to "F:/git/ue4/A001/Content/StarterContent/Materials/M_Wood_Walnut.uasset"
[2017.05.09-04.56.29:949][  0]LogPackFactory: Copied "../../../Samples/StarterContent/Content/StarterContent/Particles/P_Ambient_Dust.uasset" to "F:/git/ue4/A001/Content/StarterContent/Particles/P_Ambient_Dust.uasset"
[2017.05.09-04.56.29:954][  0]LogPackFactory: Copied "../../../Samples/StarterContent/Content/StarterContent/Particles/P_Explosion.uasset" to "F:/git/ue4/A001/Content/StarterContent/Particles/P_Explosion.uasset"
[2017.05.09-04.56.29:957][  0]LogPackFactory: Copied "../../../Samples/StarterContent/Content/StarterContent/Particles/P_Fire.uasset" to "F:/git/ue4/A001/Content/StarterContent/Particles/P_Fire.uasset"
[2017.05.09-04.56.29:959][  0]LogPackFactory: Copied "../../../Samples/StarterContent/Content/StarterContent/Particles/P_Smoke.uasset" to "F:/git/ue4/A001/Content/StarterContent/Particles/P_Smoke.uasset"
[2017.05.09-04.56.29:963][  0]LogPackFactory: Copied "../../../Samples/StarterContent/Content/StarterContent/Particles/P_Sparks.uasset" to "F:/git/ue4/A001/Content/StarterContent/Particles/P_Sparks.uasset"
[2017.05.09-04.56.30:106][  0]LogPackFactory: Copied "../../../Samples/StarterContent/Content/StarterContent/Particles/P_Steam_Lit.uasset" to "F:/git/ue4/A001/Content/StarterContent/Particles/P_Steam_Lit.uasset"
[2017.05.09-04.56.30:110][  0]LogPackFactory: Copied "../../../Samples/StarterContent/Content/StarterContent/Particles/Materials/M_Burst.uasset" to "F:/git/ue4/A001/Content/StarterContent/Particles/Materials/M_Burst.uasset"
[2017.05.09-04.56.30:113][  0]LogPackFactory: Copied "../../../Samples/StarterContent/Content/StarterContent/Particles/Materials/M_Dust_Particle.uasset" to "F:/git/ue4/A001/Content/StarterContent/Particles/Materials/M_Dust_Particle.uasset"
[2017.05.09-04.56.30:117][  0]LogPackFactory: Copied "../../../Samples/StarterContent/Content/StarterContent/Particles/Materials/M_explosion_subUV.uasset" to "F:/git/ue4/A001/Content/StarterContent/Particles/Materials/M_explosion_subUV.uasset"
[2017.05.09-04.56.30:121][  0]LogPackFactory: Copied "../../../Samples/StarterContent/Content/StarterContent/Particles/Materials/M_Fire_SubUV.uasset" to "F:/git/ue4/A001/Content/StarterContent/Particles/Materials/M_Fire_SubUV.uasset"
[2017.05.09-04.56.30:126][  0]LogPackFactory: Copied "../../../Samples/StarterContent/Content/StarterContent/Particles/Materials/m_flare_01.uasset" to "F:/git/ue4/A001/Content/StarterContent/Particles/Materials/m_flare_01.uasset"
[2017.05.09-04.56.30:257][  0]LogPackFactory: Copied "../../../Samples/StarterContent/Content/StarterContent/Particles/Materials/M_Heat_Distortion.uasset" to "F:/git/ue4/A001/Content/StarterContent/Particles/Materials/M_Heat_Distortion.uasset"
[2017.05.09-04.56.30:264][  0]LogPackFactory: Copied "../../../Samples/StarterContent/Content/StarterContent/Particles/Materials/M_Radial_Gradient.uasset" to "F:/git/ue4/A001/Content/StarterContent/Particles/Materials/M_Radial_Gradient.uasset"
[2017.05.09-04.56.30:270][  0]LogPackFactory: Copied "../../../Samples/StarterContent/Content/StarterContent/Particles/Materials/M_radial_ramp.uasset" to "F:/git/ue4/A001/Content/StarterContent/Particles/Materials/M_radial_ramp.uasset"
[2017.05.09-04.56.30:278][  0]LogPackFactory: Copied "../../../Samples/StarterContent/Content/StarterContent/Particles/Materials/M_smoke_subUV.uasset" to "F:/git/ue4/A001/Content/StarterContent/Particles/Materials/M_smoke_subUV.uasset"
[2017.05.09-04.56.30:283][  0]LogPackFactory: Copied "../../../Samples/StarterContent/Content/StarterContent/Particles/Materials/M_Spark.uasset" to "F:/git/ue4/A001/Content/StarterContent/Particles/Materials/M_Spark.uasset"
[2017.05.09-04.56.30:289][  0]LogPackFactory: Copied "../../../Samples/StarterContent/Content/StarterContent/Props/MaterialSphere.uasset" to "F:/git/ue4/A001/Content/StarterContent/Props/MaterialSphere.uasset"
[2017.05.09-04.56.30:294][  0]LogPackFactory: Copied "../../../Samples/StarterContent/Content/StarterContent/Props/SM_Bush.uasset" to "F:/git/ue4/A001/Content/StarterContent/Props/SM_Bush.uasset"
[2017.05.09-04.56.30:299][  0]LogPackFactory: Copied "../../../Samples/StarterContent/Content/StarterContent/Props/SM_Chair.uasset" to "F:/git/ue4/A001/Content/StarterContent/Props/SM_Chair.uasset"
[2017.05.09-04.56.30:302][  0]LogPackFactory: Copied "../../../Samples/StarterContent/Content/StarterContent/Props/SM_CornerFrame.uasset" to "F:/git/ue4/A001/Content/StarterContent/Props/SM_CornerFrame.uasset"
[2017.05.09-04.56.30:307][  0]LogPackFactory: Copied "../../../Samples/StarterContent/Content/StarterContent/Props/SM_Couch.uasset" to "F:/git/ue4/A001/Content/StarterContent/Props/SM_Couch.uasset"
[2017.05.09-04.56.30:323][  0]LogPackFactory: Copied "../../../Samples/StarterContent/Content/StarterContent/Props/SM_Door.uasset" to "F:/git/ue4/A001/Content/StarterContent/Props/SM_Door.uasset"
[2017.05.09-04.56.30:326][  0]LogPackFactory: Copied "../../../Samples/StarterContent/Content/StarterContent/Props/SM_DoorFrame.uasset" to "F:/git/ue4/A001/Content/StarterContent/Props/SM_DoorFrame.uasset"
[2017.05.09-04.56.30:329][  0]LogPackFactory: Copied "../../../Samples/StarterContent/Content/StarterContent/Props/SM_GlassWindow.uasset" to "F:/git/ue4/A001/Content/StarterContent/Props/SM_GlassWindow.uasset"
[2017.05.09-04.56.30:332][  0]LogPackFactory: Copied "../../../Samples/StarterContent/Content/StarterContent/Props/SM_Lamp_Ceiling.uasset" to "F:/git/ue4/A001/Content/StarterContent/Props/SM_Lamp_Ceiling.uasset"
[2017.05.09-04.56.30:334][  0]LogPackFactory: Copied "../../../Samples/StarterContent/Content/StarterContent/Props/SM_Lamp_Wall.uasset" to "F:/git/ue4/A001/Content/StarterContent/Props/SM_Lamp_Wall.uasset"
[2017.05.09-04.56.30:340][  0]LogPackFactory: Copied "../../../Samples/StarterContent/Content/StarterContent/Props/SM_MatPreviewMesh_02.uasset" to "F:/git/ue4/A001/Content/StarterContent/Props/SM_MatPreviewMesh_02.uasset"
[2017.05.09-04.56.30:343][  0]LogPackFactory: Copied "../../../Samples/StarterContent/Content/StarterContent/Props/SM_PillarFrame.uasset" to "F:/git/ue4/A001/Content/StarterContent/Props/SM_PillarFrame.uasset"
[2017.05.09-04.56.30:345][  0]LogPackFactory: Copied "../../../Samples/StarterContent/Content/StarterContent/Props/SM_PillarFrame300.uasset" to "F:/git/ue4/A001/Content/StarterContent/Props/SM_PillarFrame300.uasset"
[2017.05.09-04.56.30:348][  0]LogPackFactory: Copied "../../../Samples/StarterContent/Content/StarterContent/Props/SM_Rock.uasset" to "F:/git/ue4/A001/Content/StarterContent/Props/SM_Rock.uasset"
[2017.05.09-04.56.30:356][  0]LogPackFactory: Copied "../../../Samples/StarterContent/Content/StarterContent/Props/SM_Shelf.uasset" to "F:/git/ue4/A001/Content/StarterContent/Props/SM_Shelf.uasset"
[2017.05.09-04.56.30:359][  0]LogPackFactory: Copied "../../../Samples/StarterContent/Content/StarterContent/Props/SM_Stairs.uasset" to "F:/git/ue4/A001/Content/StarterContent/Props/SM_Stairs.uasset"
[2017.05.09-04.56.30:365][  0]LogPackFactory: Copied "../../../Samples/StarterContent/Content/StarterContent/Props/SM_Statue.uasset" to "F:/git/ue4/A001/Content/StarterContent/Props/SM_Statue.uasset"
[2017.05.09-04.56.30:369][  0]LogPackFactory: Copied "../../../Samples/StarterContent/Content/StarterContent/Props/SM_TableRound.uasset" to "F:/git/ue4/A001/Content/StarterContent/Props/SM_TableRound.uasset"
[2017.05.09-04.56.30:378][  0]LogPackFactory: Copied "../../../Samples/StarterContent/Content/StarterContent/Props/SM_WindowFrame.uasset" to "F:/git/ue4/A001/Content/StarterContent/Props/SM_WindowFrame.uasset"
[2017.05.09-04.56.30:383][  0]LogPackFactory: Copied "../../../Samples/StarterContent/Content/StarterContent/Props/Materials/M_Bush.uasset" to "F:/git/ue4/A001/Content/StarterContent/Props/Materials/M_Bush.uasset"
[2017.05.09-04.56.30:389][  0]LogPackFactory: Copied "../../../Samples/StarterContent/Content/StarterContent/Props/Materials/M_Chair.uasset" to "F:/git/ue4/A001/Content/StarterContent/Props/Materials/M_Chair.uasset"
[2017.05.09-04.56.30:391][  0]LogPackFactory: Copied "../../../Samples/StarterContent/Content/StarterContent/Props/Materials/M_Door.uasset" to "F:/git/ue4/A001/Content/StarterContent/Props/Materials/M_Door.uasset"
[2017.05.09-04.56.30:396][  0]LogPackFactory: Copied "../../../Samples/StarterContent/Content/StarterContent/Props/Materials/M_Frame.uasset" to "F:/git/ue4/A001/Content/StarterContent/Props/Materials/M_Frame.uasset"
[2017.05.09-04.56.30:402][  0]LogPackFactory: Copied "../../../Samples/StarterContent/Content/StarterContent/Props/Materials/M_Lamp.uasset" to "F:/git/ue4/A001/Content/StarterContent/Props/Materials/M_Lamp.uasset"
[2017.05.09-04.56.30:407][  0]LogPackFactory: Copied "../../../Samples/StarterContent/Content/StarterContent/Props/Materials/M_MaterialSphere.uasset" to "F:/git/ue4/A001/Content/StarterContent/Props/Materials/M_MaterialSphere.uasset"
[2017.05.09-04.56.30:412][  0]LogPackFactory: Copied "../../../Samples/StarterContent/Content/StarterContent/Props/Materials/M_MaterialSphere_Plain.uasset" to "F:/git/ue4/A001/Content/StarterContent/Props/Materials/M_MaterialSphere_Plain.uasset"
[2017.05.09-04.56.30:414][  0]LogPackFactory: Copied "../../../Samples/StarterContent/Content/StarterContent/Props/Materials/M_Rock.uasset" to "F:/git/ue4/A001/Content/StarterContent/Props/Materials/M_Rock.uasset"
[2017.05.09-04.56.30:418][  0]LogPackFactory: Copied "../../../Samples/StarterContent/Content/StarterContent/Props/Materials/M_Shelf.uasset" to "F:/git/ue4/A001/Content/StarterContent/Props/Materials/M_Shelf.uasset"
[2017.05.09-04.56.30:424][  0]LogPackFactory: Copied "../../../Samples/StarterContent/Content/StarterContent/Props/Materials/M_Statue.uasset" to "F:/git/ue4/A001/Content/StarterContent/Props/Materials/M_Statue.uasset"
[2017.05.09-04.56.30:429][  0]LogPackFactory: Copied "../../../Samples/StarterContent/Content/StarterContent/Props/Materials/M_StatueGlass.uasset" to "F:/git/ue4/A001/Content/StarterContent/Props/Materials/M_StatueGlass.uasset"
[2017.05.09-04.56.30:433][  0]LogPackFactory: Copied "../../../Samples/StarterContent/Content/StarterContent/Props/Materials/M_TableRound.uasset" to "F:/git/ue4/A001/Content/StarterContent/Props/Materials/M_TableRound.uasset"
[2017.05.09-04.56.30:438][  0]LogPackFactory: Copied "../../../Samples/StarterContent/Content/StarterContent/Shapes/Shape_Cone.uasset" to "F:/git/ue4/A001/Content/StarterContent/Shapes/Shape_Cone.uasset"
[2017.05.09-04.56.30:442][  0]LogPackFactory: Copied "../../../Samples/StarterContent/Content/StarterContent/Shapes/Shape_Cube.uasset" to "F:/git/ue4/A001/Content/StarterContent/Shapes/Shape_Cube.uasset"
[2017.05.09-04.56.30:446][  0]LogPackFactory: Copied "../../../Samples/StarterContent/Content/StarterContent/Shapes/Shape_Cylinder.uasset" to "F:/git/ue4/A001/Content/StarterContent/Shapes/Shape_Cylinder.uasset"
[2017.05.09-04.56.30:451][  0]LogPackFactory: Copied "../../../Samples/StarterContent/Content/StarterContent/Shapes/Shape_NarrowCapsule.uasset" to "F:/git/ue4/A001/Content/StarterContent/Shapes/Shape_NarrowCapsule.uasset"
[2017.05.09-04.56.30:464][  0]LogPackFactory: Copied "../../../Samples/StarterContent/Content/StarterContent/Shapes/Shape_Pipe.uasset" to "F:/git/ue4/A001/Content/StarterContent/Shapes/Shape_Pipe.uasset"
[2017.05.09-04.56.30:470][  0]LogPackFactory: Copied "../../../Samples/StarterContent/Content/StarterContent/Shapes/Shape_Pipe_180.uasset" to "F:/git/ue4/A001/Content/StarterContent/Shapes/Shape_Pipe_180.uasset"
[2017.05.09-04.56.30:477][  0]LogPackFactory: Copied "../../../Samples/StarterContent/Content/StarterContent/Shapes/Shape_Pipe_90.uasset" to "F:/git/ue4/A001/Content/StarterContent/Shapes/Shape_Pipe_90.uasset"
[2017.05.09-04.56.30:481][  0]LogPackFactory: Copied "../../../Samples/StarterContent/Content/StarterContent/Shapes/Shape_Plane.uasset" to "F:/git/ue4/A001/Content/StarterContent/Shapes/Shape_Plane.uasset"
[2017.05.09-04.56.30:485][  0]LogPackFactory: Copied "../../../Samples/StarterContent/Content/StarterContent/Shapes/Shape_QuadPyramid.uasset" to "F:/git/ue4/A001/Content/StarterContent/Shapes/Shape_QuadPyramid.uasset"
[2017.05.09-04.56.30:491][  0]LogPackFactory: Copied "../../../Samples/StarterContent/Content/StarterContent/Shapes/Shape_Sphere.uasset" to "F:/git/ue4/A001/Content/StarterContent/Shapes/Shape_Sphere.uasset"
[2017.05.09-04.56.30:495][  0]LogPackFactory: Copied "../../../Samples/StarterContent/Content/StarterContent/Shapes/Shape_Torus.uasset" to "F:/git/ue4/A001/Content/StarterContent/Shapes/Shape_Torus.uasset"
[2017.05.09-04.56.30:499][  0]LogPackFactory: Copied "../../../Samples/StarterContent/Content/StarterContent/Shapes/Shape_Trim.uasset" to "F:/git/ue4/A001/Content/StarterContent/Shapes/Shape_Trim.uasset"
[2017.05.09-04.56.30:502][  0]LogPackFactory: Copied "../../../Samples/StarterContent/Content/StarterContent/Shapes/Shape_Trim_90_In.uasset" to "F:/git/ue4/A001/Content/StarterContent/Shapes/Shape_Trim_90_In.uasset"
[2017.05.09-04.56.30:508][  0]LogPackFactory: Copied "../../../Samples/StarterContent/Content/StarterContent/Shapes/Shape_Trim_90_Out.uasset" to "F:/git/ue4/A001/Content/StarterContent/Shapes/Shape_Trim_90_Out.uasset"
[2017.05.09-04.56.30:510][  0]LogPackFactory: Copied "../../../Samples/StarterContent/Content/StarterContent/Shapes/Shape_TriPyramid.uasset" to "F:/git/ue4/A001/Content/StarterContent/Shapes/Shape_TriPyramid.uasset"
[2017.05.09-04.56.30:513][  0]LogPackFactory: Copied "../../../Samples/StarterContent/Content/StarterContent/Shapes/Shape_Tube.uasset" to "F:/git/ue4/A001/Content/StarterContent/Shapes/Shape_Tube.uasset"
[2017.05.09-04.56.30:515][  0]LogPackFactory: Copied "../../../Samples/StarterContent/Content/StarterContent/Shapes/Shape_Wedge_A.uasset" to "F:/git/ue4/A001/Content/StarterContent/Shapes/Shape_Wedge_A.uasset"
[2017.05.09-04.56.30:517][  0]LogPackFactory: Copied "../../../Samples/StarterContent/Content/StarterContent/Shapes/Shape_Wedge_B.uasset" to "F:/git/ue4/A001/Content/StarterContent/Shapes/Shape_Wedge_B.uasset"
[2017.05.09-04.56.30:519][  0]LogPackFactory: Copied "../../../Samples/StarterContent/Content/StarterContent/Shapes/Shape_WideCapsule.uasset" to "F:/git/ue4/A001/Content/StarterContent/Shapes/Shape_WideCapsule.uasset"
[2017.05.09-04.56.30:534][  0]LogPackFactory: Copied "../../../Samples/StarterContent/Content/StarterContent/Textures/T_Brick_Clay_Beveled_D.uasset" to "F:/git/ue4/A001/Content/StarterContent/Textures/T_Brick_Clay_Beveled_D.uasset"
[2017.05.09-04.56.30:561][  0]LogPackFactory: Copied "../../../Samples/StarterContent/Content/StarterContent/Textures/T_Brick_Clay_Beveled_M.uasset" to "F:/git/ue4/A001/Content/StarterContent/Textures/T_Brick_Clay_Beveled_M.uasset"
[2017.05.09-04.56.30:576][  0]LogPackFactory: Copied "../../../Samples/StarterContent/Content/StarterContent/Textures/T_Brick_Clay_Beveled_N.uasset" to "F:/git/ue4/A001/Content/StarterContent/Textures/T_Brick_Clay_Beveled_N.uasset"
[2017.05.09-04.56.30:586][  0]LogPackFactory: Copied "../../../Samples/StarterContent/Content/StarterContent/Textures/T_Brick_Clay_New_D.uasset" to "F:/git/ue4/A001/Content/StarterContent/Textures/T_Brick_Clay_New_D.uasset"
[2017.05.09-04.56.30:606][  0]LogPackFactory: Copied "../../../Samples/StarterContent/Content/StarterContent/Textures/T_Brick_Clay_New_M.uasset" to "F:/git/ue4/A001/Content/StarterContent/Textures/T_Brick_Clay_New_M.uasset"
[2017.05.09-04.56.30:619][  0]LogPackFactory: Copied "../../../Samples/StarterContent/Content/StarterContent/Textures/T_Brick_Clay_New_N.uasset" to "F:/git/ue4/A001/Content/StarterContent/Textures/T_Brick_Clay_New_N.uasset"
[2017.05.09-04.56.30:635][  0]LogPackFactory: Copied "../../../Samples/StarterContent/Content/StarterContent/Textures/T_Brick_Clay_Old_D.uasset" to "F:/git/ue4/A001/Content/StarterContent/Textures/T_Brick_Clay_Old_D.uasset"
[2017.05.09-04.56.30:646][  0]LogPackFactory: Copied "../../../Samples/StarterContent/Content/StarterContent/Textures/T_Brick_Clay_Old_N.uasset" to "F:/git/ue4/A001/Content/StarterContent/Textures/T_Brick_Clay_Old_N.uasset"
[2017.05.09-04.56.30:672][  0]LogPackFactory: Copied "../../../Samples/StarterContent/Content/StarterContent/Textures/T_Brick_Cut_Stone_D.uasset" to "F:/git/ue4/A001/Content/StarterContent/Textures/T_Brick_Cut_Stone_D.uasset"
[2017.05.09-04.56.30:682][  0]LogPackFactory: Copied "../../../Samples/StarterContent/Content/StarterContent/Textures/T_Brick_Cut_Stone_N.uasset" to "F:/git/ue4/A001/Content/StarterContent/Textures/T_Brick_Cut_Stone_N.uasset"
[2017.05.09-04.56.30:692][  0]LogPackFactory: Copied "../../../Samples/StarterContent/Content/StarterContent/Textures/T_Brick_Hewn_Stone_D.uasset" to "F:/git/ue4/A001/Content/StarterContent/Textures/T_Brick_Hewn_Stone_D.uasset"
[2017.05.09-04.56.30:703][  0]LogPackFactory: Copied "../../../Samples/StarterContent/Content/StarterContent/Textures/T_Brick_Hewn_Stone_M.uasset" to "F:/git/ue4/A001/Content/StarterContent/Textures/T_Brick_Hewn_Stone_M.uasset"
[2017.05.09-04.56.30:716][  0]LogPackFactory: Copied "../../../Samples/StarterContent/Content/StarterContent/Textures/T_Brick_Hewn_Stone_N.uasset" to "F:/git/ue4/A001/Content/StarterContent/Textures/T_Brick_Hewn_Stone_N.uasset"
[2017.05.09-04.56.30:719][  0]LogPackFactory: Copied "../../../Samples/StarterContent/Content/StarterContent/Textures/T_Burst_M.uasset" to "F:/git/ue4/A001/Content/StarterContent/Textures/T_Burst_M.uasset"
[2017.05.09-04.56.30:722][  0]LogPackFactory: Copied "../../../Samples/StarterContent/Content/StarterContent/Textures/T_Bush_D.uasset" to "F:/git/ue4/A001/Content/StarterContent/Textures/T_Bush_D.uasset"
[2017.05.09-04.56.30:725][  0]LogPackFactory: Copied "../../../Samples/StarterContent/Content/StarterContent/Textures/T_Bush_N.uasset" to "F:/git/ue4/A001/Content/StarterContent/Textures/T_Bush_N.uasset"
[2017.05.09-04.56.30:728][  0]LogPackFactory: Copied "../../../Samples/StarterContent/Content/StarterContent/Textures/T_Ceramic_Tile_M.uasset" to "F:/git/ue4/A001/Content/StarterContent/Textures/T_Ceramic_Tile_M.uasset"
[2017.05.09-04.56.30:731][  0]LogPackFactory: Copied "../../../Samples/StarterContent/Content/StarterContent/Textures/T_Ceramic_Tile_N.uasset" to "F:/git/ue4/A001/Content/StarterContent/Textures/T_Ceramic_Tile_N.uasset"
[2017.05.09-04.56.30:734][  0]LogPackFactory: Copied "../../../Samples/StarterContent/Content/StarterContent/Textures/T_Chair_M.uasset" to "F:/git/ue4/A001/Content/StarterContent/Textures/T_Chair_M.uasset"
[2017.05.09-04.56.30:739][  0]LogPackFactory: Copied "../../../Samples/StarterContent/Content/StarterContent/Textures/T_Chair_N.uasset" to "F:/git/ue4/A001/Content/StarterContent/Textures/T_Chair_N.uasset"
[2017.05.09-04.56.30:742][  0]LogPackFactory: Copied "../../../Samples/StarterContent/Content/StarterContent/Textures/T_Checker_Noise_M.uasset" to "F:/git/ue4/A001/Content/StarterContent/Textures/T_Checker_Noise_M.uasset"
[2017.05.09-04.56.30:756][  0]LogPackFactory: Copied "../../../Samples/StarterContent/Content/StarterContent/Textures/T_CobbleStone_Pebble_D.uasset" to "F:/git/ue4/A001/Content/StarterContent/Textures/T_CobbleStone_Pebble_D.uasset"
[2017.05.09-04.56.30:761][  0]LogPackFactory: Copied "../../../Samples/StarterContent/Content/StarterContent/Textures/T_CobbleStone_Pebble_M.uasset" to "F:/git/ue4/A001/Content/StarterContent/Textures/T_CobbleStone_Pebble_M.uasset"
[2017.05.09-04.56.30:777][  0]LogPackFactory: Copied "../../../Samples/StarterContent/Content/StarterContent/Textures/T_CobbleStone_Pebble_N.uasset" to "F:/git/ue4/A001/Content/StarterContent/Textures/T_CobbleStone_Pebble_N.uasset"
[2017.05.09-04.56.30:782][  0]LogPackFactory: Copied "../../../Samples/StarterContent/Content/StarterContent/Textures/T_CobbleStone_Rough_D.uasset" to "F:/git/ue4/A001/Content/StarterContent/Textures/T_CobbleStone_Rough_D.uasset"
[2017.05.09-04.56.30:788][  0]LogPackFactory: Copied "../../../Samples/StarterContent/Content/StarterContent/Textures/T_CobbleStone_Rough_N.uasset" to "F:/git/ue4/A001/Content/StarterContent/Textures/T_CobbleStone_Rough_N.uasset"
[2017.05.09-04.56.30:800][  0]LogPackFactory: Copied "../../../Samples/StarterContent/Content/StarterContent/Textures/T_CobbleStone_Smooth_D.uasset" to "F:/git/ue4/A001/Content/StarterContent/Textures/T_CobbleStone_Smooth_D.uasset"
[2017.05.09-04.56.30:809][  0]LogPackFactory: Copied "../../../Samples/StarterContent/Content/StarterContent/Textures/T_CobbleStone_Smooth_M.uasset" to "F:/git/ue4/A001/Content/StarterContent/Textures/T_CobbleStone_Smooth_M.uasset"
[2017.05.09-04.56.30:821][  0]LogPackFactory: Copied "../../../Samples/StarterContent/Content/StarterContent/Textures/T_CobbleStone_Smooth_N.uasset" to "F:/git/ue4/A001/Content/StarterContent/Textures/T_CobbleStone_Smooth_N.uasset"
[2017.05.09-04.56.30:838][  0]LogPackFactory: Copied "../../../Samples/StarterContent/Content/StarterContent/Textures/T_Concrete_Grime_D.uasset" to "F:/git/ue4/A001/Content/StarterContent/Textures/T_Concrete_Grime_D.uasset"
[2017.05.09-04.56.30:850][  0]LogPackFactory: Copied "../../../Samples/StarterContent/Content/StarterContent/Textures/T_Concrete_Panels_D.uasset" to "F:/git/ue4/A001/Content/StarterContent/Textures/T_Concrete_Panels_D.uasset"
[2017.05.09-04.56.30:861][  0]LogPackFactory: Copied "../../../Samples/StarterContent/Content/StarterContent/Textures/T_Concrete_Panels_N.uasset" to "F:/git/ue4/A001/Content/StarterContent/Textures/T_Concrete_Panels_N.uasset"
[2017.05.09-04.56.30:880][  0]LogPackFactory: Copied "../../../Samples/StarterContent/Content/StarterContent/Textures/T_Concrete_Poured_D.uasset" to "F:/git/ue4/A001/Content/StarterContent/Textures/T_Concrete_Poured_D.uasset"
[2017.05.09-04.56.30:891][  0]LogPackFactory: Copied "../../../Samples/StarterContent/Content/StarterContent/Textures/T_Concrete_Poured_N.uasset" to "F:/git/ue4/A001/Content/StarterContent/Textures/T_Concrete_Poured_N.uasset"
[2017.05.09-04.56.30:902][  0]LogPackFactory: Copied "../../../Samples/StarterContent/Content/StarterContent/Textures/T_Concrete_Tiles_D.uasset" to "F:/git/ue4/A001/Content/StarterContent/Textures/T_Concrete_Tiles_D.uasset"
[2017.05.09-04.56.30:911][  0]LogPackFactory: Copied "../../../Samples/StarterContent/Content/StarterContent/Textures/T_Concrete_Tiles_M.uasset" to "F:/git/ue4/A001/Content/StarterContent/Textures/T_Concrete_Tiles_M.uasset"
[2017.05.09-04.56.30:921][  0]LogPackFactory: Copied "../../../Samples/StarterContent/Content/StarterContent/Textures/T_Concrete_Tiles_N.uasset" to "F:/git/ue4/A001/Content/StarterContent/Textures/T_Concrete_Tiles_N.uasset"
[2017.05.09-04.56.30:924][  0]LogPackFactory: Copied "../../../Samples/StarterContent/Content/StarterContent/Textures/T_Concrete_Tiles_Variation_M.uasset" to "F:/git/ue4/A001/Content/StarterContent/Textures/T_Concrete_Tiles_Variation_M.uasset"
[2017.05.09-04.56.30:931][  0]LogPackFactory: Copied "../../../Samples/StarterContent/Content/StarterContent/Textures/T_Detail_Rocky_N.uasset" to "F:/git/ue4/A001/Content/StarterContent/Textures/T_Detail_Rocky_N.uasset"
[2017.05.09-04.56.30:934][  0]LogPackFactory: Copied "../../../Samples/StarterContent/Content/StarterContent/Textures/T_Door_M.uasset" to "F:/git/ue4/A001/Content/StarterContent/Textures/T_Door_M.uasset"
[2017.05.09-04.56.30:938][  0]LogPackFactory: Copied "../../../Samples/StarterContent/Content/StarterContent/Textures/T_Door_N.uasset" to "F:/git/ue4/A001/Content/StarterContent/Textures/T_Door_N.uasset"
[2017.05.09-04.56.30:941][  0]LogPackFactory: Copied "../../../Samples/StarterContent/Content/StarterContent/Textures/T_Dust_Particle_D.uasset" to "F:/git/ue4/A001/Content/StarterContent/Textures/T_Dust_Particle_D.uasset"
[2017.05.09-04.56.30:947][  0]LogPackFactory: Copied "../../../Samples/StarterContent/Content/StarterContent/Textures/T_Explosion_SubUV.uasset" to "F:/git/ue4/A001/Content/StarterContent/Textures/T_Explosion_SubUV.uasset"
[2017.05.09-04.56.30:949][  0]LogPackFactory: Copied "../../../Samples/StarterContent/Content/StarterContent/Textures/T_Fire_SubUV.uasset" to "F:/git/ue4/A001/Content/StarterContent/Textures/T_Fire_SubUV.uasset"
[2017.05.09-04.56.30:952][  0]LogPackFactory: Copied "../../../Samples/StarterContent/Content/StarterContent/Textures/T_Fire_Tiled_D.uasset" to "F:/git/ue4/A001/Content/StarterContent/Textures/T_Fire_Tiled_D.uasset"
[2017.05.09-04.56.30:956][  0]LogPackFactory: Copied "../../../Samples/StarterContent/Content/StarterContent/Textures/T_Frame_M.uasset" to "F:/git/ue4/A001/Content/StarterContent/Textures/T_Frame_M.uasset"
[2017.05.09-04.56.30:960][  0]LogPackFactory: Copied "../../../Samples/StarterContent/Content/StarterContent/Textures/T_Frame_N.uasset" to "F:/git/ue4/A001/Content/StarterContent/Textures/T_Frame_N.uasset"
[2017.05.09-04.56.30:963][  0]LogPackFactory: Copied "../../../Samples/StarterContent/Content/StarterContent/Textures/T_Gradinet_01.uasset" to "F:/git/ue4/A001/Content/StarterContent/Textures/T_Gradinet_01.uasset"
[2017.05.09-04.56.30:978][  0]LogPackFactory: Copied "../../../Samples/StarterContent/Content/StarterContent/Textures/T_Ground_Grass_D.uasset" to "F:/git/ue4/A001/Content/StarterContent/Textures/T_Ground_Grass_D.uasset"
[2017.05.09-04.56.30:998][  0]LogPackFactory: Copied "../../../Samples/StarterContent/Content/StarterContent/Textures/T_Ground_Grass_N.uasset" to "F:/git/ue4/A001/Content/StarterContent/Textures/T_Ground_Grass_N.uasset"
[2017.05.09-04.56.31:012][  0]LogPackFactory: Copied "../../../Samples/StarterContent/Content/StarterContent/Textures/T_Ground_Gravel_D.uasset" to "F:/git/ue4/A001/Content/StarterContent/Textures/T_Ground_Gravel_D.uasset"
[2017.05.09-04.56.31:022][  0]LogPackFactory: Copied "../../../Samples/StarterContent/Content/StarterContent/Textures/T_Ground_Gravel_N.uasset" to "F:/git/ue4/A001/Content/StarterContent/Textures/T_Ground_Gravel_N.uasset"
[2017.05.09-04.56.31:040][  0]LogPackFactory: Copied "../../../Samples/StarterContent/Content/StarterContent/Textures/T_ground_Moss_D.uasset" to "F:/git/ue4/A001/Content/StarterContent/Textures/T_ground_Moss_D.uasset"
[2017.05.09-04.56.31:052][  0]LogPackFactory: Copied "../../../Samples/StarterContent/Content/StarterContent/Textures/T_Ground_Moss_N.uasset" to "F:/git/ue4/A001/Content/StarterContent/Textures/T_Ground_Moss_N.uasset"
[2017.05.09-04.56.31:055][  0]LogPackFactory: Copied "../../../Samples/StarterContent/Content/StarterContent/Textures/T_Lamp_M.uasset" to "F:/git/ue4/A001/Content/StarterContent/Textures/T_Lamp_M.uasset"
[2017.05.09-04.56.31:060][  0]LogPackFactory: Copied "../../../Samples/StarterContent/Content/StarterContent/Textures/T_Lamp_N.uasset" to "F:/git/ue4/A001/Content/StarterContent/Textures/T_Lamp_N.uasset"
[2017.05.09-04.56.31:076][  0]LogPackFactory: Copied "../../../Samples/StarterContent/Content/StarterContent/Textures/T_MacroVariation.uasset" to "F:/git/ue4/A001/Content/StarterContent/Textures/T_MacroVariation.uasset"
[2017.05.09-04.56.31:089][  0]LogPackFactory: Copied "../../../Samples/StarterContent/Content/StarterContent/Textures/T_Metal_Aluminum_D.uasset" to "F:/git/ue4/A001/Content/StarterContent/Textures/T_Metal_Aluminum_D.uasset"
[2017.05.09-04.56.31:103][  0]LogPackFactory: Copied "../../../Samples/StarterContent/Content/StarterContent/Textures/T_Metal_Copper_D.uasset" to "F:/git/ue4/A001/Content/StarterContent/Textures/T_Metal_Copper_D.uasset"
[2017.05.09-04.56.31:114][  0]LogPackFactory: Copied "../../../Samples/StarterContent/Content/StarterContent/Textures/T_Metal_Gold_D.uasset" to "F:/git/ue4/A001/Content/StarterContent/Textures/T_Metal_Gold_D.uasset"
[2017.05.09-04.56.31:119][  0]LogPackFactory: Copied "../../../Samples/StarterContent/Content/StarterContent/Textures/T_Metal_Gold_N.uasset" to "F:/git/ue4/A001/Content/StarterContent/Textures/T_Metal_Gold_N.uasset"
[2017.05.09-04.56.31:134][  0]LogPackFactory: Copied "../../../Samples/StarterContent/Content/StarterContent/Textures/T_Metal_Rust_D.uasset" to "F:/git/ue4/A001/Content/StarterContent/Textures/T_Metal_Rust_D.uasset"
[2017.05.09-04.56.31:145][  0]LogPackFactory: Copied "../../../Samples/StarterContent/Content/StarterContent/Textures/T_Metal_Rust_N.uasset" to "F:/git/ue4/A001/Content/StarterContent/Textures/T_Metal_Rust_N.uasset"
[2017.05.09-04.56.31:151][  0]LogPackFactory: Copied "../../../Samples/StarterContent/Content/StarterContent/Textures/T_Metal_Steel_D.uasset" to "F:/git/ue4/A001/Content/StarterContent/Textures/T_Metal_Steel_D.uasset"
[2017.05.09-04.56.31:158][  0]LogPackFactory: Copied "../../../Samples/StarterContent/Content/StarterContent/Textures/T_Metal_Steel_N.uasset" to "F:/git/ue4/A001/Content/StarterContent/Textures/T_Metal_Steel_N.uasset"
[2017.05.09-04.56.31:169][  0]LogPackFactory: Copied "../../../Samples/StarterContent/Content/StarterContent/Textures/T_Perlin_Noise_M.uasset" to "F:/git/ue4/A001/Content/StarterContent/Textures/T_Perlin_Noise_M.uasset"
[2017.05.09-04.56.31:175][  0]LogPackFactory: Copied "../../../Samples/StarterContent/Content/StarterContent/Textures/T_RockMesh_M.uasset" to "F:/git/ue4/A001/Content/StarterContent/Textures/T_RockMesh_M.uasset"
[2017.05.09-04.56.31:183][  0]LogPackFactory: Copied "../../../Samples/StarterContent/Content/StarterContent/Textures/T_RockMesh_N.uasset" to "F:/git/ue4/A001/Content/StarterContent/Textures/T_RockMesh_N.uasset"
[2017.05.09-04.56.31:196][  0]LogPackFactory: Copied "../../../Samples/StarterContent/Content/StarterContent/Textures/T_Rock_Basalt_D.uasset" to "F:/git/ue4/A001/Content/StarterContent/Textures/T_Rock_Basalt_D.uasset"
[2017.05.09-04.56.31:219][  0]LogPackFactory: Copied "../../../Samples/StarterContent/Content/StarterContent/Textures/T_Rock_Basalt_N.uasset" to "F:/git/ue4/A001/Content/StarterContent/Textures/T_Rock_Basalt_N.uasset"
[2017.05.09-04.56.31:228][  0]LogPackFactory: Copied "../../../Samples/StarterContent/Content/StarterContent/Textures/T_Rock_Marble_Polished_D.uasset" to "F:/git/ue4/A001/Content/StarterContent/Textures/T_Rock_Marble_Polished_D.uasset"
[2017.05.09-04.56.31:457][  0]LogPackFactory: Copied "../../../Samples/StarterContent/Content/StarterContent/Textures/T_Rock_Sandstone_D.uasset" to "F:/git/ue4/A001/Content/StarterContent/Textures/T_Rock_Sandstone_D.uasset"
[2017.05.09-04.56.31:485][  0]LogPackFactory: Copied "../../../Samples/StarterContent/Content/StarterContent/Textures/T_Rock_Sandstone_N.uasset" to "F:/git/ue4/A001/Content/StarterContent/Textures/T_Rock_Sandstone_N.uasset"
[2017.05.09-04.56.31:506][  0]LogPackFactory: Copied "../../../Samples/StarterContent/Content/StarterContent/Textures/T_Rock_Slate_D.uasset" to "F:/git/ue4/A001/Content/StarterContent/Textures/T_Rock_Slate_D.uasset"
[2017.05.09-04.56.31:522][  0]LogPackFactory: Copied "../../../Samples/StarterContent/Content/StarterContent/Textures/T_Rock_Slate_N.uasset" to "F:/git/ue4/A001/Content/StarterContent/Textures/T_Rock_Slate_N.uasset"
[2017.05.09-04.56.31:536][  0]LogPackFactory: Copied "../../../Samples/StarterContent/Content/StarterContent/Textures/T_Rock_Smooth_Granite_D.uasset" to "F:/git/ue4/A001/Content/StarterContent/Textures/T_Rock_Smooth_Granite_D.uasset"
[2017.05.09-04.56.31:541][  0]LogPackFactory: Copied "../../../Samples/StarterContent/Content/StarterContent/Textures/T_Shelf_M.uasset" to "F:/git/ue4/A001/Content/StarterContent/Textures/T_Shelf_M.uasset"
[2017.05.09-04.56.31:592][  0]LogPackFactory: Copied "../../../Samples/StarterContent/Content/StarterContent/Textures/T_Shelf_N.uasset" to "F:/git/ue4/A001/Content/StarterContent/Textures/T_Shelf_N.uasset"
[2017.05.09-04.56.31:596][  0]LogPackFactory: Copied "../../../Samples/StarterContent/Content/StarterContent/Textures/T_Single_Tile_N.uasset" to "F:/git/ue4/A001/Content/StarterContent/Textures/T_Single_Tile_N.uasset"
[2017.05.09-04.56.31:601][  0]LogPackFactory: Copied "../../../Samples/StarterContent/Content/StarterContent/Textures/T_Smoke_SubUV.uasset" to "F:/git/ue4/A001/Content/StarterContent/Textures/T_Smoke_SubUV.uasset"
[2017.05.09-04.56.31:604][  0]LogPackFactory: Copied "../../../Samples/StarterContent/Content/StarterContent/Textures/T_Smoke_Tiled_D.uasset" to "F:/git/ue4/A001/Content/StarterContent/Textures/T_Smoke_Tiled_D.uasset"
[2017.05.09-04.56.31:607][  0]LogPackFactory: Copied "../../../Samples/StarterContent/Content/StarterContent/Textures/T_Spark_Core.uasset" to "F:/git/ue4/A001/Content/StarterContent/Textures/T_Spark_Core.uasset"
[2017.05.09-04.56.31:610][  0]LogPackFactory: Copied "../../../Samples/StarterContent/Content/StarterContent/Textures/T_Statue_M.uasset" to "F:/git/ue4/A001/Content/StarterContent/Textures/T_Statue_M.uasset"
[2017.05.09-04.56.31:613][  0]LogPackFactory: Copied "../../../Samples/StarterContent/Content/StarterContent/Textures/T_Statue_N.uasset" to "F:/git/ue4/A001/Content/StarterContent/Textures/T_Statue_N.uasset"
[2017.05.09-04.56.31:617][  0]LogPackFactory: Copied "../../../Samples/StarterContent/Content/StarterContent/Textures/T_TableRound_M.uasset" to "F:/git/ue4/A001/Content/StarterContent/Textures/T_TableRound_M.uasset"
[2017.05.09-04.56.31:621][  0]LogPackFactory: Copied "../../../Samples/StarterContent/Content/StarterContent/Textures/T_TableRound_N.uasset" to "F:/git/ue4/A001/Content/StarterContent/Textures/T_TableRound_N.uasset"
[2017.05.09-04.56.31:623][  0]LogPackFactory: Copied "../../../Samples/StarterContent/Content/StarterContent/Textures/T_Tech_Dot_M.uasset" to "F:/git/ue4/A001/Content/StarterContent/Textures/T_Tech_Dot_M.uasset"
[2017.05.09-04.56.31:626][  0]LogPackFactory: Copied "../../../Samples/StarterContent/Content/StarterContent/Textures/T_Tech_Dot_N.uasset" to "F:/git/ue4/A001/Content/StarterContent/Textures/T_Tech_Dot_N.uasset"
[2017.05.09-04.56.31:629][  0]LogPackFactory: Copied "../../../Samples/StarterContent/Content/StarterContent/Textures/T_Tech_Hex_Tile_M.uasset" to "F:/git/ue4/A001/Content/StarterContent/Textures/T_Tech_Hex_Tile_M.uasset"
[2017.05.09-04.56.31:631][  0]LogPackFactory: Copied "../../../Samples/StarterContent/Content/StarterContent/Textures/T_Tech_Hex_Tile_N.uasset" to "F:/git/ue4/A001/Content/StarterContent/Textures/T_Tech_Hex_Tile_N.uasset"
[2017.05.09-04.56.31:635][  0]LogPackFactory: Copied "../../../Samples/StarterContent/Content/StarterContent/Textures/T_Tech_Panel_M.uasset" to "F:/git/ue4/A001/Content/StarterContent/Textures/T_Tech_Panel_M.uasset"
[2017.05.09-04.56.31:639][  0]LogPackFactory: Copied "../../../Samples/StarterContent/Content/StarterContent/Textures/T_Tech_Panel_N.uasset" to "F:/git/ue4/A001/Content/StarterContent/Textures/T_Tech_Panel_N.uasset"
[2017.05.09-04.56.31:643][  0]LogPackFactory: Copied "../../../Samples/StarterContent/Content/StarterContent/Textures/T_Water_M.uasset" to "F:/git/ue4/A001/Content/StarterContent/Textures/T_Water_M.uasset"
[2017.05.09-04.56.31:718][  0]LogPackFactory: Copied "../../../Samples/StarterContent/Content/StarterContent/Textures/T_Water_N.uasset" to "F:/git/ue4/A001/Content/StarterContent/Textures/T_Water_N.uasset"
[2017.05.09-04.56.31:726][  0]LogPackFactory: Copied "../../../Samples/StarterContent/Content/StarterContent/Textures/T_Wood_Floor_Walnut_D.uasset" to "F:/git/ue4/A001/Content/StarterContent/Textures/T_Wood_Floor_Walnut_D.uasset"
[2017.05.09-04.56.31:732][  0]LogPackFactory: Copied "../../../Samples/StarterContent/Content/StarterContent/Textures/T_Wood_Floor_Walnut_M.uasset" to "F:/git/ue4/A001/Content/StarterContent/Textures/T_Wood_Floor_Walnut_M.uasset"
[2017.05.09-04.56.31:737][  0]LogPackFactory: Copied "../../../Samples/StarterContent/Content/StarterContent/Textures/T_Wood_Floor_Walnut_N.uasset" to "F:/git/ue4/A001/Content/StarterContent/Textures/T_Wood_Floor_Walnut_N.uasset"
[2017.05.09-04.56.31:747][  0]LogPackFactory: Copied "../../../Samples/StarterContent/Content/StarterContent/Textures/T_Wood_Oak_D.uasset" to "F:/git/ue4/A001/Content/StarterContent/Textures/T_Wood_Oak_D.uasset"
[2017.05.09-04.56.31:756][  0]LogPackFactory: Copied "../../../Samples/StarterContent/Content/StarterContent/Textures/T_Wood_Oak_N.uasset" to "F:/git/ue4/A001/Content/StarterContent/Textures/T_Wood_Oak_N.uasset"
[2017.05.09-04.56.31:770][  0]LogPackFactory: Copied "../../../Samples/StarterContent/Content/StarterContent/Textures/T_Wood_Pine_D.uasset" to "F:/git/ue4/A001/Content/StarterContent/Textures/T_Wood_Pine_D.uasset"
[2017.05.09-04.56.31:948][  0]LogPackFactory: Copied "../../../Samples/StarterContent/Content/StarterContent/Textures/T_Wood_Pine_N.uasset" to "F:/git/ue4/A001/Content/StarterContent/Textures/T_Wood_Pine_N.uasset"
[2017.05.09-04.56.31:969][  0]LogPackFactory: Copied "../../../Samples/StarterContent/Content/StarterContent/Textures/T_Wood_Walnut_D.uasset" to "F:/git/ue4/A001/Content/StarterContent/Textures/T_Wood_Walnut_D.uasset"
[2017.05.09-04.56.31:978][  0]LogPackFactory: Copied "../../../Samples/StarterContent/Content/StarterContent/Textures/T_Wood_Walnut_N.uasset" to "F:/git/ue4/A001/Content/StarterContent/Textures/T_Wood_Walnut_N.uasset"
[2017.05.09-04.56.32:216][  0]LogRenderer: Reallocating scene render targets to support 256x256 NumSamples 1 (Frame:2).
[2017.05.09-04.56.32:701][  0]Cmd: OBJ SAVEPACKAGE PACKAGE="/Game/StarterContent/Architecture/Floor_400x400" FILE="F:/git/ue4/A001/Content/StarterContent/Architecture/Floor_400x400.uasset" SILENT=true
[2017.05.09-04.56.32:725][  0]LogSavePackage: Save=16.74ms
[2017.05.09-04.56.32:725][  0]LogSavePackage: Moving 'F:/git/ue4/A001/Saved/Floor_400x400801F99C74E1617440406218E8026EB7D.tmp' to 'F:/git/ue4/A001/Content/StarterContent/Architecture/Floor_400x400.uasset'
[2017.05.09-04.56.32:732][  0]LogSavePackage:Display: Finished SavePackage F:/git/ue4/A001/Content/StarterContent/Architecture/Floor_400x400.uasset
[2017.05.09-04.56.32:732][  0]LogFeaturePack:Warning: Inserted 1 feature packs
[2017.05.09-04.56.32:735][  0]Cmd: MAP LOAD FILE="F:/git/ue4/A001/Content/StarterContent/Maps/Minimal_Default.umap" TEMPLATE=0 SHOWPROGRESS=1 FEATURELEVEL=3
[2017.05.09-04.56.32:735][  0]LightingResults: New page: Lighting Build
[2017.05.09-04.56.32:792][  0]MapCheck: New page: Map Check
[2017.05.09-04.56.32:792][  0]LightingResults: New page: Lighting Build
[2017.05.09-04.56.33:332][  0]LogAIModule: Creating AISystem for world Minimal_Default
[2017.05.09-04.56.33:345][  0]LogEditorServer: Finished looking for orphan Actors (0.000 secs)
[2017.05.09-04.56.33:345][  0]Cmd: MAP CHECKDEP NOCLEARLOG
[2017.05.09-04.56.33:483][  0]MapCheck: Info Map check complete: 0 Error(s), 0 Warning(s), took 137.589ms to complete.
[2017.05.09-04.56.33:483][  0]LogFileHelpers: Loading map 'Minimal_Default' took 0.749
[2017.05.09-04.56.33:743][  0]LogCollectionManager: Loaded 0 collections in 0.001130 seconds
[2017.05.09-04.56.33:840][  0]LogFileCache: Scanning file cache for directory 'F:/git/ue4/A001/Saved/Collections/' took 0.01s
[2017.05.09-04.56.33:840][  0]LogFileCache: Scanning file cache for directory 'F:/git/ue4/A001/Content/Developers/admin/Collections/' took 0.01s
[2017.05.09-04.56.33:840][  0]LogFileCache: Scanning file cache for directory 'F:/git/ue4/A001/Content/Collections/' took 0.01s
[2017.05.09-04.56.33:840][  0]LogCollectionManager: Rebuilt the GUID cache for 0 collections in 0.000002 seconds
[2017.05.09-04.56.33:853][  0]LogContentBrowser: Native class hierarchy populated in 0.0128 seconds. Added 2245 classes and 453 folders.
[2017.05.09-04.56.33:937][  0]LogContentBrowser: Native class hierarchy updated for 'WidgetCarousel' in 0.0007 seconds. Added 0 classes and 0 folders.
[2017.05.09-04.56.33:991][  0]LogContentBrowser: Native class hierarchy updated for 'AddContentDialog' in 0.0007 seconds. Added 0 classes and 0 folders.
[2017.05.09-04.56.34:050][  0]LogContentBrowser: Native class hierarchy updated for 'SceneOutliner' in 0.0007 seconds. Added 1 classes and 2 folders.
[2017.05.09-04.56.34:142][  0]LogCrashTracker: Crashtracker disabled due to settings.
[2017.05.09-04.56.34:155][  0]LogUObjectGlobals:Warning: Failed to find object 'Class None.'
[2017.05.09-04.56.34:253][  0]LogContentBrowser: Native class hierarchy updated for 'HierarchicalLODOutliner' in 0.0008 seconds. Added 1 classes and 2 folders.
[2017.05.09-04.56.34:254][  0]LogLoad: (Engine Initialization) Total time: 28.74 seconds
[2017.05.09-04.56.34:254][  0]LogLoad: (Engine Initialization) Total Blueprint compile time: 0.14 seconds
[2017.05.09-04.56.34:254][  0]LogExternalProfiler: Found external profiler: VSPerf
[2017.05.09-04.56.34:254][  0]LogExternalProfiler: Using external profiler: VSPerf
[2017.05.09-04.56.34:595][  0]LogOcInput: OculusInput pre-init called
[2017.05.09-04.56.36:658][  0]LogContentStreaming: Texture pool size now 1000 MB
[2017.05.09-04.56.36:660][  0]LogSlate: Took 0.000271 seconds to synchronously load lazily loaded font '../../../Engine/Content/Slate/Fonts/Roboto-Regular.ttf' (155K)
[2017.05.09-04.56.36:666][  0]LogSlate: Took 0.000402 seconds to synchronously load lazily loaded font '../../../Engine/Content/Slate/Fonts/Roboto-Bold.ttf' (160K)
[2017.05.09-04.56.36:674][  0]LogSlate: Took 0.000344 seconds to synchronously load lazily loaded font '../../../Engine/Content/Editor/Slate/Fonts/FontAwesome.ttf' (139K)
[2017.05.09-04.56.36:779][  0]LogRenderer: Reallocating scene render targets to support 856x372 NumSamples 1 (Frame:3).
[2017.05.09-04.56.36:779][  0]LogSlate: Took 0.000484 seconds to synchronously load lazily loaded font '../../../Engine/Content/Slate/Fonts/Roboto-Light.ttf' (159K)
[2017.05.09-04.56.38:808][  5]LogAssetRegistry: Asset discovery search completed in 21.4710 seconds
[2017.05.09-04.56.38:808][  5]LogCollectionManager: Rebuilt the object cache for 0 collections in 0.000020 seconds (found 0 objects)
[2017.05.09-04.56.38:808][  5]LogCollectionManager: Fixed up redirectors for 0 collections in 0.000069 seconds (updated 0 objects)
[2017.05.09-04.59.05:290][264]SourceControl: Info On branch master
[2017.05.09-04.59.05:290][264]SourceControl: Info Your branch is up-to-date with 'origin/master'.
[2017.05.09-04.59.05:290][264]SourceControl: Info Untracked files:
[2017.05.09-04.59.05:290][264]SourceControl: Info   (use "git add <file>..." to include in what will be committed)
[2017.05.09-04.59.05:290][264]SourceControl: Info 	ue4/
[2017.05.09-04.59.05:290][264]SourceControl: Info nothing added to commit but untracked files present (use "git add" to track)
[2017.05.09-05.00.22:873][901]SourceControl: Info fatal: E:/software/UE_4.15/Engine/Content/: 'E:/software/UE_4.15/Engine/Content/' is outside repository
[2017.05.09-05.00.23:040][901]LogPackageName:Error: Illegal call to DoesPackageExist: 'F:/git/ue4/A001/A001.uproject' is not a standard unreal filename or a long path name. Reason: Path should be no less than 4 characters long.
[2017.05.09-05.00.23:921][901]LogStats: FPlatformStackWalk::StackWalkAndDump -  0.881 s
[2017.05.09-05.00.23:921][901]LogOutputDevice:Error: === Handled ensure: ===
[2017.05.09-05.00.23:921][901]LogOutputDevice:Error: 
[2017.05.09-05.00.23:921][901]LogOutputDevice:Error: Ensure condition failed: false [File:D:\Build\++UE4+Release-4.15+Compile\Sync\Engine\Source\Runtime\CoreUObject\Private\Misc\PackageName.cpp] [Line: 650]
[2017.05.09-05.00.23:921][901]LogOutputDevice:Error: Illegal call to DoesPackageExist: 'F:/git/ue4/A001/A001.uproject' is not a standard unreal filename or a long path name. Reason: Path should be no less than 4 characters long.
[2017.05.09-05.00.23:921][901]LogOutputDevice:Error: Stack: 
[2017.05.09-05.00.23:921][901]LogOutputDevice:Error: UE4Editor-Core.dll!0x000000009B1295E6
[2017.05.09-05.00.23:921][901]LogOutputDevice:Error: UE4Editor-Core.dll!0x000000009AED9B82
[2017.05.09-05.00.23:921][901]LogOutputDevice:Error: UE4Editor-Core.dll!0x000000009AEEB666
[2017.05.09-05.00.23:921][901]LogOutputDevice:Error: UE4Editor-CoreUObject.dll!0x000000009A8BA6E8
[2017.05.09-05.00.23:921][901]LogOutputDevice:Error: UE4Editor-SourceControl.dll!0x0000000090E63D22
[2017.05.09-05.00.23:921][901]LogOutputDevice:Error: UE4Editor-SourceControl.dll!0x0000000090E63EB9
[2017.05.09-05.00.23:921][901]LogOutputDevice:Error: UE4Editor-SourceControlWindows.dll!0x000000008CF51D2E
[2017.05.09-05.00.23:921][901]LogOutputDevice:Error: UE4Editor-SourceControlWindows.dll!0x000000008CF0B4B5
[2017.05.09-05.00.23:921][901]LogOutputDevice:Error: UE4Editor-SourceControlWindows.dll!0x000000008CF0AA8D
[2017.05.09-05.00.23:921][901]LogOutputDevice:Error: UE4Editor-SourceControlWindows.dll!0x000000008CF1F274
[2017.05.09-05.00.23:921][901]LogOutputDevice:Error: UE4Editor-GitSourceControl.dll!0x0000000083D7B851
[2017.05.09-05.00.23:921][901]LogOutputDevice:Error: UE4Editor-GitSourceControl.dll!0x0000000083D8D1ED
[2017.05.09-05.00.23:921][901]LogOutputDevice:Error: UE4Editor-SourceControl.dll!0x0000000090E69C5C
[2017.05.09-05.00.23:921][901]LogOutputDevice:Error: UE4Editor-UnrealEd.dll!0x00000000948E7517
[2017.05.09-05.00.23:921][901]LogOutputDevice:Error: UE4Editor-UnrealEd.dll!0x00000000950F2156
[2017.05.09-05.00.23:921][901]LogOutputDevice:Error: UE4Editor.exe!0x0000000082F5DEE3
[2017.05.09-05.00.23:921][901]LogOutputDevice:Error: UE4Editor.exe!0x0000000082F4EB40
[2017.05.09-05.00.23:921][901]LogOutputDevice:Error: UE4Editor.exe!0x0000000082F4EBBA
[2017.05.09-05.00.23:922][901]LogOutputDevice:Error: UE4Editor.exe!0x0000000082F60A29
[2017.05.09-05.00.23:922][901]LogOutputDevice:Error: UE4Editor.exe!0x0000000082F622B6
[2017.05.09-05.00.23:922][901]LogOutputDevice:Error: KERNEL32.DLL!0x00000000E0BA8364
[2017.05.09-05.00.23:922][901]LogOutputDevice:Error: ntdll.dll!0x00000000E17B70D1
[2017.05.09-05.00.23:922][901]LogOutputDevice:Error: 
[2017.05.09-05.00.23:931][901]LogStats:                SubmitErrorReport -  0.000 s
